30-06-2023 08:30:08 DEBUG: Making request: POST https://oauth2.googleapis.com/token
30-06-2023 08:30:08 DEBUG: Starting new HTTPS connection (1): oauth2.googleapis.com:443
30-06-2023 08:30:08 DEBUG: https://oauth2.googleapis.com:443 "POST /token HTTP/1.1" 200 None
30-06-2023 08:30:08 INFO: file_cache is only supported with oauth2client<4.0.0
30-06-2023 08:30:09 DEBUG: URL being requested: GET https://www.googleapis.com/drive/v3/files?q=%271ghyZVrFMlnNcxfOkGOd2HDvZ1_2b0La_%27+in+parents+and+mimeType%3D%27application%2Fvnd.google-apps.spreadsheet%27&fields=nextPageToken%2C+files%28id%2C+name%29&alt=json
30-06-2023 08:30:09 DEBUG: URL being requested: GET https://www.googleapis.com/drive/v3/files/1BogeZCbc6uVRzdYFDMCfltVlPiPHh850uaITUaeX2e4/export?mimeType=application%2Fpdf&alt=media
30-06-2023 08:30:09 DEBUG: URL being requested: GET https://www.googleapis.com/drive/v3/files/1ftU5tWVOjakuJckFMFb6B-40S7jlYQQafV0CnfAyY70/export?mimeType=application%2Fpdf&alt=media
30-06-2023 08:30:09 DEBUG: URL being requested: GET https://www.googleapis.com/drive/v3/files/1VDu7b5N5LgBvfRb9NvhpRElDkCYkZvBk2JxRqhFDyPE/export?mimeType=application%2Fpdf&alt=media
30-06-2023 08:30:09 DEBUG: URL being requested: GET https://www.googleapis.com/drive/v3/files/1QD-eGkEaNxviYE8kuv0GPlW5ocmKKLPzWu9Ko_W6Wxk/export?mimeType=application%2Fpdf&alt=media
30-06-2023 08:30:09 DEBUG: URL being requested: GET https://www.googleapis.com/drive/v3/files/16YEM6I5obTI_7ohnHBYDU8D5XvzrJHTKqWng6A7rHLU/export?mimeType=application%2Fpdf&alt=media
30-06-2023 08:30:09 DEBUG: URL being requested: GET https://www.googleapis.com/drive/v3/files/1xDUl03dESQ7qvdZw8cZP3G_JPuGgV4XsP7zLMSpA-7A/export?mimeType=application%2Fpdf&alt=media
30-06-2023 08:30:09 DEBUG: URL being requested: GET https://www.googleapis.com/drive/v3/files/1zoLATrFgVlr505emNZzUAF4jUcaXtLkV9vnY6uqEvww/export?mimeType=application%2Fpdf&alt=media
30-06-2023 08:30:09 DEBUG: URL being requested: GET https://www.googleapis.com/drive/v3/files/15sx6cM5nC6U42OERVG37XWQJcOxXBake2nADc5jVlbA/export?mimeType=application%2Fpdf&alt=media
30-06-2023 08:30:09 DEBUG: URL being requested: GET https://www.googleapis.com/drive/v3/files/1v0VMV0w0Q8aNpVwM0hMjCCcLoxceDnLJsgDAU4Tud0A/export?mimeType=application%2Fpdf&alt=media
30-06-2023 08:30:09 DEBUG: URL being requested: GET https://www.googleapis.com/drive/v3/files/1YrHoVl1Y4gYVACQs2uNqD0ZD_Hj4-ersB8DGdyJ0-eE/export?mimeType=application%2Fpdf&alt=media
30-06-2023 08:30:09 DEBUG: URL being requested: GET https://www.googleapis.com/drive/v3/files/1uEtOX7zxi3BrSXAbjwf1s5kSfCLHaWZEA5PL7S9qoPY/export?mimeType=application%2Fpdf&alt=media
30-06-2023 08:30:09 DEBUG: URL being requested: GET https://www.googleapis.com/drive/v3/files/1O7vrojrWum7muhzlQgYvq18Zt1m6cNLslI0tw26qSDE/export?mimeType=application%2Fpdf&alt=media
30-06-2023 08:30:09 DEBUG: URL being requested: GET https://www.googleapis.com/drive/v3/files/1ablEzLyrBc9A2tNgpaAhi2lzzFJci3cD4QKZ_nIqnrY/export?mimeType=application%2Fpdf&alt=media
30-06-2023 08:30:09 DEBUG: URL being requested: GET https://www.googleapis.com/drive/v3/files/1_Wn2raOnFwlo5Ut51yaDaUtsya-ezYYatFX3gTKul5k/export?mimeType=application%2Fpdf&alt=media
30-06-2023 08:30:09 DEBUG: URL being requested: GET https://www.googleapis.com/drive/v3/files/1yIKHYNwSZ1h_VEeSGmKjPwDcWEI_P2nKk0TVoJzidTo/export?mimeType=application%2Fpdf&alt=media
30-06-2023 08:30:09 DEBUG: URL being requested: GET https://www.googleapis.com/drive/v3/files/1irZVvNQLlidQ7dTkdPkQSiaideiDscCzN08L-q1s0HQ/export?mimeType=application%2Fpdf&alt=media
30-06-2023 08:30:09 DEBUG: URL being requested: GET https://www.googleapis.com/drive/v3/files/1oJ_lIs6MkEYrCEdlJi1SCSehetzBWdGB6YYBsaq-84o/export?mimeType=application%2Fpdf&alt=media
30-06-2023 08:30:09 DEBUG: URL being requested: GET https://www.googleapis.com/drive/v3/files/1QlJeyQatmFNpRd2jyQZdyO0Vv4jfJI_o66GzPEteNsY/export?mimeType=application%2Fpdf&alt=media
30-06-2023 08:30:09 DEBUG: URL being requested: GET https://www.googleapis.com/drive/v3/files/1Jgiz66UarqnpGL4YrBKgvbcr5OuLtkia8q9GMV-CRag/export?mimeType=application%2Fpdf&alt=media
30-06-2023 08:30:09 DEBUG: URL being requested: GET https://www.googleapis.com/drive/v3/files/15deSGJ05lKSsuaeymGZcwHYLEZxvni9ZPLZCCKQTkX8/export?mimeType=application%2Fpdf&alt=media
30-06-2023 08:30:09 DEBUG: URL being requested: GET https://www.googleapis.com/drive/v3/files/1epvhUI0QllLBhexMCc5aNZBTu88uM03D_vWEWYpbHlQ/export?mimeType=application%2Fpdf&alt=media
30-06-2023 08:30:09 DEBUG: URL being requested: GET https://www.googleapis.com/drive/v3/files/1avqnvjfpkPr6d4Wi50jyZFbOC9kBFJReCXDxsqyp96o/export?mimeType=application%2Fpdf&alt=media
30-06-2023 08:30:09 DEBUG: URL being requested: GET https://www.googleapis.com/drive/v3/files?q=%271fR7bDwkDljhgxtuXqaGWmCn_O2anIKmg%27+in+parents+and+mimeType%3D%27application%2Fvnd.google-apps.spreadsheet%27&fields=nextPageToken%2C+files%28id%2C+name%29&alt=json
30-06-2023 08:30:10 DEBUG: URL being requested: GET https://www.googleapis.com/drive/v3/files/1vcvWdTIho_s3MzFG0orZmtyOdQdyA56lqodwBPXGcNc/export?mimeType=application%2Fpdf&alt=media
30-06-2023 08:30:10 DEBUG: URL being requested: GET https://www.googleapis.com/drive/v3/files/160n67IGeLTDJW2Qq_h_z2sL7a7WBY0gICWIUQfl04PE/export?mimeType=application%2Fpdf&alt=media
30-06-2023 08:30:10 DEBUG: URL being requested: GET https://www.googleapis.com/drive/v3/files/1kFcsVD4FAY0bV8jHEAnrPfOEG7t1pYxY8X5LVk12TeU/export?mimeType=application%2Fpdf&alt=media
30-06-2023 08:30:10 DEBUG: URL being requested: GET https://www.googleapis.com/drive/v3/files/1VEQvTWBNZxOubac0f76UQ4qov0yeGM1C6XHw0bgl7pc/export?mimeType=application%2Fpdf&alt=media
30-06-2023 08:30:10 DEBUG: URL being requested: GET https://www.googleapis.com/drive/v3/files/1QPHZI2QbrJ-liKfW0y2CFuGKDkWp3YNcI5c6Dnccg6U/export?mimeType=application%2Fpdf&alt=media
30-06-2023 08:30:10 DEBUG: URL being requested: GET https://www.googleapis.com/drive/v3/files/10CA6MQSIOvZGTijevWkpCzENSsYZlPa5EY-m83fHCPk/export?mimeType=application%2Fpdf&alt=media
30-06-2023 08:30:10 DEBUG: URL being requested: GET https://www.googleapis.com/drive/v3/files/1t8NjhPpkyjtbLzjYV8NZtLvZpzvHvE4CE8P16JO0lXU/export?mimeType=application%2Fpdf&alt=media
30-06-2023 08:30:10 DEBUG: URL being requested: GET https://www.googleapis.com/drive/v3/files/1W8Qpm5jEl8hivhS7WUOzpU21zvYAW8E6NZ1BNH-KnK0/export?mimeType=application%2Fpdf&alt=media
30-06-2023 08:30:10 DEBUG: URL being requested: GET https://www.googleapis.com/drive/v3/files/14lOY9VkVFMYs0FLPxwoYcubGSBmubZVkXV7YOej-E6E/export?mimeType=application%2Fpdf&alt=media
30-06-2023 08:30:10 DEBUG: URL being requested: GET https://www.googleapis.com/drive/v3/files/1Y7oieQFye7LgvB_oAMBSr48CFH_8IOtorGlTg01AuqQ/export?mimeType=application%2Fpdf&alt=media
30-06-2023 08:30:10 DEBUG: URL being requested: GET https://www.googleapis.com/drive/v3/files/1I1ZdnnAeP8pMmAsSkGk1Nti0gTZMeMwRH1rPFLELn68/export?mimeType=application%2Fpdf&alt=media
30-06-2023 08:30:10 DEBUG: URL being requested: GET https://www.googleapis.com/drive/v3/files/1aa010vJ0rPMxRuhZhC7wB9gj62M4szPKEy-xZw0Wlp8/export?mimeType=application%2Fpdf&alt=media
30-06-2023 08:30:10 DEBUG: URL being requested: GET https://www.googleapis.com/drive/v3/files/1uXRT6QneafQSpmxmpCzJ3GWHHHC-UPi0j6iBO2ER6gc/export?mimeType=application%2Fpdf&alt=media
30-06-2023 08:30:10 DEBUG: URL being requested: GET https://www.googleapis.com/drive/v3/files/15-3SKTQxlaP6XpitWfgO8HLIQOkbXatqS3Gw5YFbYaQ/export?mimeType=application%2Fpdf&alt=media
30-06-2023 08:30:10 DEBUG: URL being requested: GET https://www.googleapis.com/drive/v3/files/10YM4h9yLanKGquunC663tpVjHp5HTpQAUxZoVj7CDzI/export?mimeType=application%2Fpdf&alt=media
30-06-2023 08:30:10 DEBUG: URL being requested: GET https://www.googleapis.com/drive/v3/files/1QREwXlbRCKfTMHASWwJMl-cA4Q7l8t1QgvLZqxFQCJ4/export?mimeType=application%2Fpdf&alt=media
30-06-2023 08:30:10 DEBUG: URL being requested: GET https://www.googleapis.com/drive/v3/files/1Iwz6olRvYRjlvBqf-lg7zYbTR1ZiCsJsKDGTmJyZXq4/export?mimeType=application%2Fpdf&alt=media
30-06-2023 08:30:10 DEBUG: URL being requested: GET https://www.googleapis.com/drive/v3/files/1ItxXK5nSBT_QMo16Gu3Tt2k-5-tTEwITw6XN0w9tffw/export?mimeType=application%2Fpdf&alt=media
30-06-2023 08:30:10 DEBUG: URL being requested: GET https://www.googleapis.com/drive/v3/files/1Twv3VKvB4Z7mlZq20rYgsjSLTfYryICvuLHQL_ZhZjo/export?mimeType=application%2Fpdf&alt=media
30-06-2023 08:30:10 DEBUG: URL being requested: GET https://www.googleapis.com/drive/v3/files/1tCXGNW1XUsQSisi0GN2ExOgaIiIm3E4wu3bLoYs2Mu0/export?mimeType=application%2Fpdf&alt=media
30-06-2023 08:30:10 DEBUG: URL being requested: GET https://www.googleapis.com/drive/v3/files/1XFilaAsoRs-vwb6qNITbYIUa19T_bEJAxC-Xw43yKuk/export?mimeType=application%2Fpdf&alt=media
30-06-2023 08:30:10 DEBUG: URL being requested: GET https://www.googleapis.com/drive/v3/files/1sLUr_6ghLJ1Xt-wmZFli50CwMSN_C7ffpCwCjbUMmKQ/export?mimeType=application%2Fpdf&alt=media
30-06-2023 08:30:51 INFO: file_cache is only supported with oauth2client<4.0.0
30-06-2023 08:30:51 DEBUG: URL being requested: GET https://www.googleapis.com/drive/v3/files?q=%271ghyZVrFMlnNcxfOkGOd2HDvZ1_2b0La_%27+in+parents+and+mimeType%3D%27application%2Fvnd.google-apps.spreadsheet%27&fields=nextPageToken%2C+files%28id%2C+name%29&alt=json
30-06-2023 08:30:51 DEBUG: URL being requested: GET https://www.googleapis.com/drive/v3/files/1BogeZCbc6uVRzdYFDMCfltVlPiPHh850uaITUaeX2e4/export?mimeType=application%2Fpdf&alt=media
30-06-2023 08:30:51 DEBUG: URL being requested: GET https://www.googleapis.com/drive/v3/files/1ftU5tWVOjakuJckFMFb6B-40S7jlYQQafV0CnfAyY70/export?mimeType=application%2Fpdf&alt=media
30-06-2023 08:30:51 DEBUG: URL being requested: GET https://www.googleapis.com/drive/v3/files/1VDu7b5N5LgBvfRb9NvhpRElDkCYkZvBk2JxRqhFDyPE/export?mimeType=application%2Fpdf&alt=media
30-06-2023 08:30:51 DEBUG: URL being requested: GET https://www.googleapis.com/drive/v3/files/1QD-eGkEaNxviYE8kuv0GPlW5ocmKKLPzWu9Ko_W6Wxk/export?mimeType=application%2Fpdf&alt=media
30-06-2023 08:30:51 DEBUG: URL being requested: GET https://www.googleapis.com/drive/v3/files/16YEM6I5obTI_7ohnHBYDU8D5XvzrJHTKqWng6A7rHLU/export?mimeType=application%2Fpdf&alt=media
30-06-2023 08:30:51 DEBUG: URL being requested: GET https://www.googleapis.com/drive/v3/files/1xDUl03dESQ7qvdZw8cZP3G_JPuGgV4XsP7zLMSpA-7A/export?mimeType=application%2Fpdf&alt=media
30-06-2023 08:30:51 DEBUG: URL being requested: GET https://www.googleapis.com/drive/v3/files/1zoLATrFgVlr505emNZzUAF4jUcaXtLkV9vnY6uqEvww/export?mimeType=application%2Fpdf&alt=media
30-06-2023 08:30:51 DEBUG: URL being requested: GET https://www.googleapis.com/drive/v3/files/15sx6cM5nC6U42OERVG37XWQJcOxXBake2nADc5jVlbA/export?mimeType=application%2Fpdf&alt=media
30-06-2023 08:30:51 DEBUG: URL being requested: GET https://www.googleapis.com/drive/v3/files/1v0VMV0w0Q8aNpVwM0hMjCCcLoxceDnLJsgDAU4Tud0A/export?mimeType=application%2Fpdf&alt=media
30-06-2023 08:30:51 DEBUG: URL being requested: GET https://www.googleapis.com/drive/v3/files/1YrHoVl1Y4gYVACQs2uNqD0ZD_Hj4-ersB8DGdyJ0-eE/export?mimeType=application%2Fpdf&alt=media
30-06-2023 08:30:51 DEBUG: URL being requested: GET https://www.googleapis.com/drive/v3/files/1uEtOX7zxi3BrSXAbjwf1s5kSfCLHaWZEA5PL7S9qoPY/export?mimeType=application%2Fpdf&alt=media
30-06-2023 08:30:51 DEBUG: URL being requested: GET https://www.googleapis.com/drive/v3/files/1O7vrojrWum7muhzlQgYvq18Zt1m6cNLslI0tw26qSDE/export?mimeType=application%2Fpdf&alt=media
30-06-2023 08:30:51 DEBUG: URL being requested: GET https://www.googleapis.com/drive/v3/files/1ablEzLyrBc9A2tNgpaAhi2lzzFJci3cD4QKZ_nIqnrY/export?mimeType=application%2Fpdf&alt=media
30-06-2023 08:30:51 DEBUG: URL being requested: GET https://www.googleapis.com/drive/v3/files/1_Wn2raOnFwlo5Ut51yaDaUtsya-ezYYatFX3gTKul5k/export?mimeType=application%2Fpdf&alt=media
30-06-2023 08:30:51 DEBUG: URL being requested: GET https://www.googleapis.com/drive/v3/files/1yIKHYNwSZ1h_VEeSGmKjPwDcWEI_P2nKk0TVoJzidTo/export?mimeType=application%2Fpdf&alt=media
30-06-2023 08:30:51 DEBUG: URL being requested: GET https://www.googleapis.com/drive/v3/files/1irZVvNQLlidQ7dTkdPkQSiaideiDscCzN08L-q1s0HQ/export?mimeType=application%2Fpdf&alt=media
30-06-2023 08:30:51 DEBUG: URL being requested: GET https://www.googleapis.com/drive/v3/files/1oJ_lIs6MkEYrCEdlJi1SCSehetzBWdGB6YYBsaq-84o/export?mimeType=application%2Fpdf&alt=media
30-06-2023 08:30:51 DEBUG: URL being requested: GET https://www.googleapis.com/drive/v3/files/1QlJeyQatmFNpRd2jyQZdyO0Vv4jfJI_o66GzPEteNsY/export?mimeType=application%2Fpdf&alt=media
30-06-2023 08:30:51 DEBUG: URL being requested: GET https://www.googleapis.com/drive/v3/files/1Jgiz66UarqnpGL4YrBKgvbcr5OuLtkia8q9GMV-CRag/export?mimeType=application%2Fpdf&alt=media
30-06-2023 08:30:51 DEBUG: URL being requested: GET https://www.googleapis.com/drive/v3/files/15deSGJ05lKSsuaeymGZcwHYLEZxvni9ZPLZCCKQTkX8/export?mimeType=application%2Fpdf&alt=media
30-06-2023 08:30:51 DEBUG: URL being requested: GET https://www.googleapis.com/drive/v3/files/1epvhUI0QllLBhexMCc5aNZBTu88uM03D_vWEWYpbHlQ/export?mimeType=application%2Fpdf&alt=media
30-06-2023 08:30:51 DEBUG: URL being requested: GET https://www.googleapis.com/drive/v3/files/1avqnvjfpkPr6d4Wi50jyZFbOC9kBFJReCXDxsqyp96o/export?mimeType=application%2Fpdf&alt=media
30-06-2023 08:30:51 DEBUG: URL being requested: GET https://www.googleapis.com/drive/v3/files?q=%271fR7bDwkDljhgxtuXqaGWmCn_O2anIKmg%27+in+parents+and+mimeType%3D%27application%2Fvnd.google-apps.spreadsheet%27&fields=nextPageToken%2C+files%28id%2C+name%29&alt=json
30-06-2023 08:30:52 DEBUG: URL being requested: GET https://www.googleapis.com/drive/v3/files/1vcvWdTIho_s3MzFG0orZmtyOdQdyA56lqodwBPXGcNc/export?mimeType=application%2Fpdf&alt=media
30-06-2023 08:30:52 DEBUG: URL being requested: GET https://www.googleapis.com/drive/v3/files/160n67IGeLTDJW2Qq_h_z2sL7a7WBY0gICWIUQfl04PE/export?mimeType=application%2Fpdf&alt=media
30-06-2023 08:30:52 DEBUG: URL being requested: GET https://www.googleapis.com/drive/v3/files/1kFcsVD4FAY0bV8jHEAnrPfOEG7t1pYxY8X5LVk12TeU/export?mimeType=application%2Fpdf&alt=media
30-06-2023 08:30:52 DEBUG: URL being requested: GET https://www.googleapis.com/drive/v3/files/1VEQvTWBNZxOubac0f76UQ4qov0yeGM1C6XHw0bgl7pc/export?mimeType=application%2Fpdf&alt=media
30-06-2023 08:30:52 DEBUG: URL being requested: GET https://www.googleapis.com/drive/v3/files/1QPHZI2QbrJ-liKfW0y2CFuGKDkWp3YNcI5c6Dnccg6U/export?mimeType=application%2Fpdf&alt=media
30-06-2023 08:30:52 DEBUG: URL being requested: GET https://www.googleapis.com/drive/v3/files/10CA6MQSIOvZGTijevWkpCzENSsYZlPa5EY-m83fHCPk/export?mimeType=application%2Fpdf&alt=media
30-06-2023 08:30:52 DEBUG: URL being requested: GET https://www.googleapis.com/drive/v3/files/1t8NjhPpkyjtbLzjYV8NZtLvZpzvHvE4CE8P16JO0lXU/export?mimeType=application%2Fpdf&alt=media
30-06-2023 08:30:52 DEBUG: URL being requested: GET https://www.googleapis.com/drive/v3/files/1W8Qpm5jEl8hivhS7WUOzpU21zvYAW8E6NZ1BNH-KnK0/export?mimeType=application%2Fpdf&alt=media
30-06-2023 08:30:52 DEBUG: URL being requested: GET https://www.googleapis.com/drive/v3/files/14lOY9VkVFMYs0FLPxwoYcubGSBmubZVkXV7YOej-E6E/export?mimeType=application%2Fpdf&alt=media
30-06-2023 08:30:52 DEBUG: URL being requested: GET https://www.googleapis.com/drive/v3/files/1Y7oieQFye7LgvB_oAMBSr48CFH_8IOtorGlTg01AuqQ/export?mimeType=application%2Fpdf&alt=media
30-06-2023 08:30:52 DEBUG: URL being requested: GET https://www.googleapis.com/drive/v3/files/1I1ZdnnAeP8pMmAsSkGk1Nti0gTZMeMwRH1rPFLELn68/export?mimeType=application%2Fpdf&alt=media
30-06-2023 08:30:52 DEBUG: URL being requested: GET https://www.googleapis.com/drive/v3/files/1aa010vJ0rPMxRuhZhC7wB9gj62M4szPKEy-xZw0Wlp8/export?mimeType=application%2Fpdf&alt=media
30-06-2023 08:30:52 DEBUG: URL being requested: GET https://www.googleapis.com/drive/v3/files/1uXRT6QneafQSpmxmpCzJ3GWHHHC-UPi0j6iBO2ER6gc/export?mimeType=application%2Fpdf&alt=media
30-06-2023 08:30:52 DEBUG: URL being requested: GET https://www.googleapis.com/drive/v3/files/15-3SKTQxlaP6XpitWfgO8HLIQOkbXatqS3Gw5YFbYaQ/export?mimeType=application%2Fpdf&alt=media
30-06-2023 08:30:52 DEBUG: URL being requested: GET https://www.googleapis.com/drive/v3/files/10YM4h9yLanKGquunC663tpVjHp5HTpQAUxZoVj7CDzI/export?mimeType=application%2Fpdf&alt=media
30-06-2023 08:30:52 DEBUG: URL being requested: GET https://www.googleapis.com/drive/v3/files/1QREwXlbRCKfTMHASWwJMl-cA4Q7l8t1QgvLZqxFQCJ4/export?mimeType=application%2Fpdf&alt=media
30-06-2023 08:30:52 DEBUG: URL being requested: GET https://www.googleapis.com/drive/v3/files/1Iwz6olRvYRjlvBqf-lg7zYbTR1ZiCsJsKDGTmJyZXq4/export?mimeType=application%2Fpdf&alt=media
30-06-2023 08:30:52 DEBUG: URL being requested: GET https://www.googleapis.com/drive/v3/files/1ItxXK5nSBT_QMo16Gu3Tt2k-5-tTEwITw6XN0w9tffw/export?mimeType=application%2Fpdf&alt=media
30-06-2023 08:30:52 DEBUG: URL being requested: GET https://www.googleapis.com/drive/v3/files/1Twv3VKvB4Z7mlZq20rYgsjSLTfYryICvuLHQL_ZhZjo/export?mimeType=application%2Fpdf&alt=media
30-06-2023 08:30:52 DEBUG: URL being requested: GET https://www.googleapis.com/drive/v3/files/1tCXGNW1XUsQSisi0GN2ExOgaIiIm3E4wu3bLoYs2Mu0/export?mimeType=application%2Fpdf&alt=media
30-06-2023 08:30:52 DEBUG: URL being requested: GET https://www.googleapis.com/drive/v3/files/1XFilaAsoRs-vwb6qNITbYIUa19T_bEJAxC-Xw43yKuk/export?mimeType=application%2Fpdf&alt=media
30-06-2023 08:30:52 DEBUG: URL being requested: GET https://www.googleapis.com/drive/v3/files/1sLUr_6ghLJ1Xt-wmZFli50CwMSN_C7ffpCwCjbUMmKQ/export?mimeType=application%2Fpdf&alt=media
30-06-2023 08:30:52 INFO: ftp_backup_success 30210_TRAVAN 0.5_T17_10-06-2023.pdf
30-06-2023 08:30:53 INFO: ftp_backup_success 30210_TRAVAN 0.5_T17_IPC_10-06-2023.pdf
30-06-2023 08:30:53 INFO: ftp_backup_success 30211_TRAVAN 0.5_T17_13-06-2023.pdf
30-06-2023 08:30:53 INFO: ftp_backup_success 30211_TRAVAN 0.5_T17_IPC_13-06-2023.pdf
30-06-2023 08:30:54 INFO: ftp_backup_success 30457_TRAVAN 1.0_T17_16-06-2023.pdf
30-06-2023 08:30:54 INFO: ftp_backup_success 30457_TRAVAN 1.0_T17_IPC_16-06-2023.pdf
30-06-2023 08:30:54 INFO: ftp_backup_success 30458_TRAVAN 1.0_T17_17-06-2023.pdf
30-06-2023 08:30:55 INFO: ftp_backup_success 30458_TRAVAN 1.0_T17_IPC_17-06-2023.pdf
30-06-2023 08:30:55 INFO: ftp_backup_success 30459_TRAVAN 1.0_T17_20-06-2023.pdf
30-06-2023 08:30:55 INFO: ftp_backup_success 30459_TRAVAN 1.0_T17_IPC_20-06-2023.pdf
30-06-2023 08:30:56 INFO: ftp_backup_success 30487R_POTRIM_T11_09-06-2023.pdf
30-06-2023 08:30:56 INFO: ftp_backup_success 30487R_POTRIM_T11_IPC_09-06-2023.pdf
30-06-2023 08:30:56 INFO: ftp_backup_success 30593_BENCLAMIN_T11_17-06-2023.pdf
30-06-2023 08:30:57 INFO: ftp_backup_success 30593_BENCLAMIN_T11_IPC_17-06-2023.pdf
30-06-2023 08:30:57 INFO: ftp_backup_success 30651_POTRIM_T11_30-05-2023.pdf
30-06-2023 08:30:57 INFO: ftp_backup_success 30651_POTRIM_T11_IPC_30-05-2023.pdf
30-06-2023 08:30:58 INFO: ftp_backup_success 30652_POTRIM_T11_02-06-2023.pdf
30-06-2023 08:30:58 INFO: ftp_backup_success 30652_POTRIM_T11_IPC_02-06-2023.pdf
30-06-2023 08:30:59 INFO: ftp_backup_success 30653_POTRIM_T11_07-06-2023.pdf
30-06-2023 08:30:59 INFO: ftp_backup_success 30653_POTRIM_T11_IPC_07-06-2023.pdf
30-06-2023 08:30:59 INFO: ftp_backup_success 30654_POTRIM_T11_12-06-2023.pdf
30-06-2023 08:31:00 INFO: ftp_backup_success 30654_POTRIM_T11_IPC_12-06-2023.pdf
30-06-2023 08:31:00 INFO: ftp_backup_success 30791_AMLOVASC 10_T11_21-06-2023.pdf
30-06-2023 08:31:00 INFO: ftp_backup_success 30791_AMLOVASC 10_T11_IPC_21-06-2023.pdf
30-06-2023 08:31:00 INFO: ftp_backup_success 30792_AMLOVASC 10_T11_22-06-2023.pdf
30-06-2023 08:31:01 INFO: ftp_backup_success 30792_AMLOVASC 10_T11_IPC_22-06-2023.pdf
30-06-2023 08:31:01 INFO: ftp_backup_success 30793_AMLOVASC 10_T11_22-06-2023.pdf
30-06-2023 08:31:01 INFO: ftp_backup_success 30793_AMLOVASC 10_T11_IPC_22-06-2023.pdf
30-06-2023 08:31:01 INFO: ftp_backup_success 30794_AMLOVASC 10_T11_22-06-2023.pdf
30-06-2023 08:31:02 INFO: ftp_backup_success 30794_AMLOVASC 10_T11_IPC_22-06-2023.pdf
30-06-2023 08:31:02 INFO: ftp_backup_success 30795_AMLOVASC 10_T11_23-06-2023.pdf
30-06-2023 08:31:02 INFO: ftp_backup_success 30795_AMLOVASC 10_T11_IPC_23-06-2023.pdf
30-06-2023 08:31:02 INFO: ftp_backup_success 31191_MEMANTIA 10_T11_20-06-2023.pdf
30-06-2023 08:31:03 INFO: ftp_backup_success 31191_MEMANTIA 10_T11_IPC_20-06-2023.pdf
30-06-2023 08:31:03 INFO: ftp_backup_success 31192_MEMANTIA 10_T11_20-06-2023.pdf
30-06-2023 08:31:03 INFO: ftp_backup_success 31192_MEMANTIA 10_T11_IPC_20-06-2023.pdf
30-06-2023 08:31:04 INFO: ftp_backup_success 31196_PRESCO_T17_28-06-2023.pdf
30-06-2023 08:31:04 INFO: ftp_backup_success 31196_PRESCO_T17_IPC_28-06-2023.pdf
30-06-2023 08:31:04 INFO: ftp_backup_success 31437_TRIPSYLINE 10_T11_24-06-2023.pdf
30-06-2023 08:31:05 INFO: ftp_backup_success 31437_TRIPSYLINE 10_T11_IPC_24-06-2023.pdf
30-06-2023 08:31:05 INFO: ftp_backup_success 31438_TRIPSYLINE 10_T11_27-06-2023.pdf
30-06-2023 08:31:05 INFO: ftp_backup_success 31438_TRIPSYLINE 10_T11_IPC_27-06-2023.pdf
30-06-2023 08:31:06 INFO: ftp_backup_success 31440_TRIPSYLINE 10_T11_29-06-2023.pdf
30-06-2023 08:31:06 INFO: ftp_backup_success 31440_TRIPSYLINE 10_T11_IPC_29-06-2023.pdf
30-06-2023 09:01:12 INFO: file_cache is only supported with oauth2client<4.0.0
30-06-2023 09:01:12 DEBUG: URL being requested: GET https://www.googleapis.com/drive/v3/files?q=%271ghyZVrFMlnNcxfOkGOd2HDvZ1_2b0La_%27+in+parents+and+mimeType%3D%27application%2Fvnd.google-apps.spreadsheet%27&fields=nextPageToken%2C+files%28id%2C+name%29&alt=json
30-06-2023 09:01:12 DEBUG: URL being requested: GET https://www.googleapis.com/drive/v3/files/1BogeZCbc6uVRzdYFDMCfltVlPiPHh850uaITUaeX2e4/export?mimeType=application%2Fpdf&alt=media
30-06-2023 09:01:12 DEBUG: URL being requested: GET https://www.googleapis.com/drive/v3/files/1ftU5tWVOjakuJckFMFb6B-40S7jlYQQafV0CnfAyY70/export?mimeType=application%2Fpdf&alt=media
30-06-2023 09:01:12 DEBUG: URL being requested: GET https://www.googleapis.com/drive/v3/files/1VDu7b5N5LgBvfRb9NvhpRElDkCYkZvBk2JxRqhFDyPE/export?mimeType=application%2Fpdf&alt=media
30-06-2023 09:01:12 DEBUG: URL being requested: GET https://www.googleapis.com/drive/v3/files/1QD-eGkEaNxviYE8kuv0GPlW5ocmKKLPzWu9Ko_W6Wxk/export?mimeType=application%2Fpdf&alt=media
30-06-2023 09:01:12 DEBUG: URL being requested: GET https://www.googleapis.com/drive/v3/files/16YEM6I5obTI_7ohnHBYDU8D5XvzrJHTKqWng6A7rHLU/export?mimeType=application%2Fpdf&alt=media
30-06-2023 09:01:12 DEBUG: URL being requested: GET https://www.googleapis.com/drive/v3/files/1xDUl03dESQ7qvdZw8cZP3G_JPuGgV4XsP7zLMSpA-7A/export?mimeType=application%2Fpdf&alt=media
30-06-2023 09:01:12 DEBUG: URL being requested: GET https://www.googleapis.com/drive/v3/files/1zoLATrFgVlr505emNZzUAF4jUcaXtLkV9vnY6uqEvww/export?mimeType=application%2Fpdf&alt=media
30-06-2023 09:01:12 DEBUG: URL being requested: GET https://www.googleapis.com/drive/v3/files/15sx6cM5nC6U42OERVG37XWQJcOxXBake2nADc5jVlbA/export?mimeType=application%2Fpdf&alt=media
30-06-2023 09:01:12 DEBUG: URL being requested: GET https://www.googleapis.com/drive/v3/files/1v0VMV0w0Q8aNpVwM0hMjCCcLoxceDnLJsgDAU4Tud0A/export?mimeType=application%2Fpdf&alt=media
30-06-2023 09:01:12 DEBUG: URL being requested: GET https://www.googleapis.com/drive/v3/files/1YrHoVl1Y4gYVACQs2uNqD0ZD_Hj4-ersB8DGdyJ0-eE/export?mimeType=application%2Fpdf&alt=media
30-06-2023 09:01:12 DEBUG: URL being requested: GET https://www.googleapis.com/drive/v3/files/1uEtOX7zxi3BrSXAbjwf1s5kSfCLHaWZEA5PL7S9qoPY/export?mimeType=application%2Fpdf&alt=media
30-06-2023 09:01:12 DEBUG: URL being requested: GET https://www.googleapis.com/drive/v3/files/1O7vrojrWum7muhzlQgYvq18Zt1m6cNLslI0tw26qSDE/export?mimeType=application%2Fpdf&alt=media
30-06-2023 09:01:12 DEBUG: URL being requested: GET https://www.googleapis.com/drive/v3/files/1ablEzLyrBc9A2tNgpaAhi2lzzFJci3cD4QKZ_nIqnrY/export?mimeType=application%2Fpdf&alt=media
30-06-2023 09:01:12 DEBUG: URL being requested: GET https://www.googleapis.com/drive/v3/files/1_Wn2raOnFwlo5Ut51yaDaUtsya-ezYYatFX3gTKul5k/export?mimeType=application%2Fpdf&alt=media
30-06-2023 09:01:12 DEBUG: URL being requested: GET https://www.googleapis.com/drive/v3/files/1yIKHYNwSZ1h_VEeSGmKjPwDcWEI_P2nKk0TVoJzidTo/export?mimeType=application%2Fpdf&alt=media
30-06-2023 09:01:12 DEBUG: URL being requested: GET https://www.googleapis.com/drive/v3/files/1irZVvNQLlidQ7dTkdPkQSiaideiDscCzN08L-q1s0HQ/export?mimeType=application%2Fpdf&alt=media
30-06-2023 09:01:12 DEBUG: URL being requested: GET https://www.googleapis.com/drive/v3/files/1oJ_lIs6MkEYrCEdlJi1SCSehetzBWdGB6YYBsaq-84o/export?mimeType=application%2Fpdf&alt=media
30-06-2023 09:01:12 DEBUG: URL being requested: GET https://www.googleapis.com/drive/v3/files/1QlJeyQatmFNpRd2jyQZdyO0Vv4jfJI_o66GzPEteNsY/export?mimeType=application%2Fpdf&alt=media
30-06-2023 09:01:12 DEBUG: URL being requested: GET https://www.googleapis.com/drive/v3/files/1Jgiz66UarqnpGL4YrBKgvbcr5OuLtkia8q9GMV-CRag/export?mimeType=application%2Fpdf&alt=media
30-06-2023 09:01:12 DEBUG: URL being requested: GET https://www.googleapis.com/drive/v3/files/15deSGJ05lKSsuaeymGZcwHYLEZxvni9ZPLZCCKQTkX8/export?mimeType=application%2Fpdf&alt=media
30-06-2023 09:01:12 DEBUG: URL being requested: GET https://www.googleapis.com/drive/v3/files/1epvhUI0QllLBhexMCc5aNZBTu88uM03D_vWEWYpbHlQ/export?mimeType=application%2Fpdf&alt=media
30-06-2023 09:01:12 DEBUG: URL being requested: GET https://www.googleapis.com/drive/v3/files/1avqnvjfpkPr6d4Wi50jyZFbOC9kBFJReCXDxsqyp96o/export?mimeType=application%2Fpdf&alt=media
30-06-2023 09:01:12 DEBUG: URL being requested: GET https://www.googleapis.com/drive/v3/files?q=%271fR7bDwkDljhgxtuXqaGWmCn_O2anIKmg%27+in+parents+and+mimeType%3D%27application%2Fvnd.google-apps.spreadsheet%27&fields=nextPageToken%2C+files%28id%2C+name%29&alt=json
30-06-2023 09:01:13 DEBUG: URL being requested: GET https://www.googleapis.com/drive/v3/files/1vcvWdTIho_s3MzFG0orZmtyOdQdyA56lqodwBPXGcNc/export?mimeType=application%2Fpdf&alt=media
30-06-2023 09:01:13 DEBUG: URL being requested: GET https://www.googleapis.com/drive/v3/files/160n67IGeLTDJW2Qq_h_z2sL7a7WBY0gICWIUQfl04PE/export?mimeType=application%2Fpdf&alt=media
30-06-2023 09:01:13 DEBUG: URL being requested: GET https://www.googleapis.com/drive/v3/files/1kFcsVD4FAY0bV8jHEAnrPfOEG7t1pYxY8X5LVk12TeU/export?mimeType=application%2Fpdf&alt=media
30-06-2023 09:01:13 DEBUG: URL being requested: GET https://www.googleapis.com/drive/v3/files/1VEQvTWBNZxOubac0f76UQ4qov0yeGM1C6XHw0bgl7pc/export?mimeType=application%2Fpdf&alt=media
30-06-2023 09:01:13 DEBUG: URL being requested: GET https://www.googleapis.com/drive/v3/files/1QPHZI2QbrJ-liKfW0y2CFuGKDkWp3YNcI5c6Dnccg6U/export?mimeType=application%2Fpdf&alt=media
30-06-2023 09:01:13 DEBUG: URL being requested: GET https://www.googleapis.com/drive/v3/files/10CA6MQSIOvZGTijevWkpCzENSsYZlPa5EY-m83fHCPk/export?mimeType=application%2Fpdf&alt=media
30-06-2023 09:01:13 DEBUG: URL being requested: GET https://www.googleapis.com/drive/v3/files/1t8NjhPpkyjtbLzjYV8NZtLvZpzvHvE4CE8P16JO0lXU/export?mimeType=application%2Fpdf&alt=media
30-06-2023 09:01:13 DEBUG: URL being requested: GET https://www.googleapis.com/drive/v3/files/1W8Qpm5jEl8hivhS7WUOzpU21zvYAW8E6NZ1BNH-KnK0/export?mimeType=application%2Fpdf&alt=media
30-06-2023 09:01:13 DEBUG: URL being requested: GET https://www.googleapis.com/drive/v3/files/14lOY9VkVFMYs0FLPxwoYcubGSBmubZVkXV7YOej-E6E/export?mimeType=application%2Fpdf&alt=media
30-06-2023 09:01:13 DEBUG: URL being requested: GET https://www.googleapis.com/drive/v3/files/1Y7oieQFye7LgvB_oAMBSr48CFH_8IOtorGlTg01AuqQ/export?mimeType=application%2Fpdf&alt=media
30-06-2023 09:01:13 DEBUG: URL being requested: GET https://www.googleapis.com/drive/v3/files/1I1ZdnnAeP8pMmAsSkGk1Nti0gTZMeMwRH1rPFLELn68/export?mimeType=application%2Fpdf&alt=media
30-06-2023 09:01:13 DEBUG: URL being requested: GET https://www.googleapis.com/drive/v3/files/1aa010vJ0rPMxRuhZhC7wB9gj62M4szPKEy-xZw0Wlp8/export?mimeType=application%2Fpdf&alt=media
30-06-2023 09:01:13 DEBUG: URL being requested: GET https://www.googleapis.com/drive/v3/files/1uXRT6QneafQSpmxmpCzJ3GWHHHC-UPi0j6iBO2ER6gc/export?mimeType=application%2Fpdf&alt=media
30-06-2023 09:01:13 DEBUG: URL being requested: GET https://www.googleapis.com/drive/v3/files/15-3SKTQxlaP6XpitWfgO8HLIQOkbXatqS3Gw5YFbYaQ/export?mimeType=application%2Fpdf&alt=media
30-06-2023 09:01:13 DEBUG: URL being requested: GET https://www.googleapis.com/drive/v3/files/10YM4h9yLanKGquunC663tpVjHp5HTpQAUxZoVj7CDzI/export?mimeType=application%2Fpdf&alt=media
30-06-2023 09:01:13 DEBUG: URL being requested: GET https://www.googleapis.com/drive/v3/files/1QREwXlbRCKfTMHASWwJMl-cA4Q7l8t1QgvLZqxFQCJ4/export?mimeType=application%2Fpdf&alt=media
30-06-2023 09:01:13 DEBUG: URL being requested: GET https://www.googleapis.com/drive/v3/files/1Iwz6olRvYRjlvBqf-lg7zYbTR1ZiCsJsKDGTmJyZXq4/export?mimeType=application%2Fpdf&alt=media
30-06-2023 09:01:13 DEBUG: URL being requested: GET https://www.googleapis.com/drive/v3/files/1ItxXK5nSBT_QMo16Gu3Tt2k-5-tTEwITw6XN0w9tffw/export?mimeType=application%2Fpdf&alt=media
30-06-2023 09:01:13 DEBUG: URL being requested: GET https://www.googleapis.com/drive/v3/files/1Twv3VKvB4Z7mlZq20rYgsjSLTfYryICvuLHQL_ZhZjo/export?mimeType=application%2Fpdf&alt=media
30-06-2023 09:01:13 DEBUG: URL being requested: GET https://www.googleapis.com/drive/v3/files/1tCXGNW1XUsQSisi0GN2ExOgaIiIm3E4wu3bLoYs2Mu0/export?mimeType=application%2Fpdf&alt=media
30-06-2023 09:01:13 DEBUG: URL being requested: GET https://www.googleapis.com/drive/v3/files/1XFilaAsoRs-vwb6qNITbYIUa19T_bEJAxC-Xw43yKuk/export?mimeType=application%2Fpdf&alt=media
30-06-2023 09:01:13 DEBUG: URL being requested: GET https://www.googleapis.com/drive/v3/files/1sLUr_6ghLJ1Xt-wmZFli50CwMSN_C7ffpCwCjbUMmKQ/export?mimeType=application%2Fpdf&alt=media
30-06-2023 10:01:27 DEBUG: Making request: POST https://oauth2.googleapis.com/token
30-06-2023 10:01:27 DEBUG: Starting new HTTPS connection (1): oauth2.googleapis.com:443
30-06-2023 10:01:28 DEBUG: https://oauth2.googleapis.com:443 "POST /token HTTP/1.1" 200 None
30-06-2023 10:01:28 INFO: file_cache is only supported with oauth2client<4.0.0
30-06-2023 10:01:28 DEBUG: URL being requested: GET https://www.googleapis.com/drive/v3/files?q=%271ghyZVrFMlnNcxfOkGOd2HDvZ1_2b0La_%27+in+parents+and+mimeType%3D%27application%2Fvnd.google-apps.spreadsheet%27&fields=nextPageToken%2C+files%28id%2C+name%29&alt=json
30-06-2023 10:01:28 DEBUG: URL being requested: GET https://www.googleapis.com/drive/v3/files/1BogeZCbc6uVRzdYFDMCfltVlPiPHh850uaITUaeX2e4/export?mimeType=application%2Fpdf&alt=media
30-06-2023 10:01:28 DEBUG: URL being requested: GET https://www.googleapis.com/drive/v3/files/1ftU5tWVOjakuJckFMFb6B-40S7jlYQQafV0CnfAyY70/export?mimeType=application%2Fpdf&alt=media
30-06-2023 10:01:28 DEBUG: URL being requested: GET https://www.googleapis.com/drive/v3/files/1VDu7b5N5LgBvfRb9NvhpRElDkCYkZvBk2JxRqhFDyPE/export?mimeType=application%2Fpdf&alt=media
30-06-2023 10:01:28 DEBUG: URL being requested: GET https://www.googleapis.com/drive/v3/files/1QD-eGkEaNxviYE8kuv0GPlW5ocmKKLPzWu9Ko_W6Wxk/export?mimeType=application%2Fpdf&alt=media
30-06-2023 10:01:28 DEBUG: URL being requested: GET https://www.googleapis.com/drive/v3/files/16YEM6I5obTI_7ohnHBYDU8D5XvzrJHTKqWng6A7rHLU/export?mimeType=application%2Fpdf&alt=media
30-06-2023 10:01:28 DEBUG: URL being requested: GET https://www.googleapis.com/drive/v3/files/1xDUl03dESQ7qvdZw8cZP3G_JPuGgV4XsP7zLMSpA-7A/export?mimeType=application%2Fpdf&alt=media
30-06-2023 10:01:28 DEBUG: URL being requested: GET https://www.googleapis.com/drive/v3/files/1zoLATrFgVlr505emNZzUAF4jUcaXtLkV9vnY6uqEvww/export?mimeType=application%2Fpdf&alt=media
30-06-2023 10:01:28 DEBUG: URL being requested: GET https://www.googleapis.com/drive/v3/files/15sx6cM5nC6U42OERVG37XWQJcOxXBake2nADc5jVlbA/export?mimeType=application%2Fpdf&alt=media
30-06-2023 10:01:28 DEBUG: URL being requested: GET https://www.googleapis.com/drive/v3/files/1v0VMV0w0Q8aNpVwM0hMjCCcLoxceDnLJsgDAU4Tud0A/export?mimeType=application%2Fpdf&alt=media
30-06-2023 10:01:28 DEBUG: URL being requested: GET https://www.googleapis.com/drive/v3/files/1YrHoVl1Y4gYVACQs2uNqD0ZD_Hj4-ersB8DGdyJ0-eE/export?mimeType=application%2Fpdf&alt=media
30-06-2023 10:01:28 DEBUG: URL being requested: GET https://www.googleapis.com/drive/v3/files/1uEtOX7zxi3BrSXAbjwf1s5kSfCLHaWZEA5PL7S9qoPY/export?mimeType=application%2Fpdf&alt=media
30-06-2023 10:01:28 DEBUG: URL being requested: GET https://www.googleapis.com/drive/v3/files/1O7vrojrWum7muhzlQgYvq18Zt1m6cNLslI0tw26qSDE/export?mimeType=application%2Fpdf&alt=media
30-06-2023 10:01:28 DEBUG: URL being requested: GET https://www.googleapis.com/drive/v3/files/1ablEzLyrBc9A2tNgpaAhi2lzzFJci3cD4QKZ_nIqnrY/export?mimeType=application%2Fpdf&alt=media
30-06-2023 10:01:28 DEBUG: URL being requested: GET https://www.googleapis.com/drive/v3/files/1_Wn2raOnFwlo5Ut51yaDaUtsya-ezYYatFX3gTKul5k/export?mimeType=application%2Fpdf&alt=media
30-06-2023 10:01:28 DEBUG: URL being requested: GET https://www.googleapis.com/drive/v3/files/1yIKHYNwSZ1h_VEeSGmKjPwDcWEI_P2nKk0TVoJzidTo/export?mimeType=application%2Fpdf&alt=media
30-06-2023 10:01:28 DEBUG: URL being requested: GET https://www.googleapis.com/drive/v3/files/1irZVvNQLlidQ7dTkdPkQSiaideiDscCzN08L-q1s0HQ/export?mimeType=application%2Fpdf&alt=media
30-06-2023 10:01:28 DEBUG: URL being requested: GET https://www.googleapis.com/drive/v3/files/1oJ_lIs6MkEYrCEdlJi1SCSehetzBWdGB6YYBsaq-84o/export?mimeType=application%2Fpdf&alt=media
30-06-2023 10:01:28 DEBUG: URL being requested: GET https://www.googleapis.com/drive/v3/files/1QlJeyQatmFNpRd2jyQZdyO0Vv4jfJI_o66GzPEteNsY/export?mimeType=application%2Fpdf&alt=media
30-06-2023 10:01:28 DEBUG: URL being requested: GET https://www.googleapis.com/drive/v3/files/1Jgiz66UarqnpGL4YrBKgvbcr5OuLtkia8q9GMV-CRag/export?mimeType=application%2Fpdf&alt=media
30-06-2023 10:01:28 DEBUG: URL being requested: GET https://www.googleapis.com/drive/v3/files/15deSGJ05lKSsuaeymGZcwHYLEZxvni9ZPLZCCKQTkX8/export?mimeType=application%2Fpdf&alt=media
30-06-2023 10:01:28 DEBUG: URL being requested: GET https://www.googleapis.com/drive/v3/files/1epvhUI0QllLBhexMCc5aNZBTu88uM03D_vWEWYpbHlQ/export?mimeType=application%2Fpdf&alt=media
30-06-2023 10:01:28 DEBUG: URL being requested: GET https://www.googleapis.com/drive/v3/files/1avqnvjfpkPr6d4Wi50jyZFbOC9kBFJReCXDxsqyp96o/export?mimeType=application%2Fpdf&alt=media
30-06-2023 10:01:28 DEBUG: URL being requested: GET https://www.googleapis.com/drive/v3/files?q=%271fR7bDwkDljhgxtuXqaGWmCn_O2anIKmg%27+in+parents+and+mimeType%3D%27application%2Fvnd.google-apps.spreadsheet%27&fields=nextPageToken%2C+files%28id%2C+name%29&alt=json
30-06-2023 10:01:29 DEBUG: URL being requested: GET https://www.googleapis.com/drive/v3/files/1vcvWdTIho_s3MzFG0orZmtyOdQdyA56lqodwBPXGcNc/export?mimeType=application%2Fpdf&alt=media
30-06-2023 10:01:29 DEBUG: URL being requested: GET https://www.googleapis.com/drive/v3/files/160n67IGeLTDJW2Qq_h_z2sL7a7WBY0gICWIUQfl04PE/export?mimeType=application%2Fpdf&alt=media
30-06-2023 10:01:29 DEBUG: URL being requested: GET https://www.googleapis.com/drive/v3/files/1kFcsVD4FAY0bV8jHEAnrPfOEG7t1pYxY8X5LVk12TeU/export?mimeType=application%2Fpdf&alt=media
30-06-2023 10:01:29 DEBUG: URL being requested: GET https://www.googleapis.com/drive/v3/files/1VEQvTWBNZxOubac0f76UQ4qov0yeGM1C6XHw0bgl7pc/export?mimeType=application%2Fpdf&alt=media
30-06-2023 10:01:29 DEBUG: URL being requested: GET https://www.googleapis.com/drive/v3/files/1QPHZI2QbrJ-liKfW0y2CFuGKDkWp3YNcI5c6Dnccg6U/export?mimeType=application%2Fpdf&alt=media
30-06-2023 10:01:29 DEBUG: URL being requested: GET https://www.googleapis.com/drive/v3/files/10CA6MQSIOvZGTijevWkpCzENSsYZlPa5EY-m83fHCPk/export?mimeType=application%2Fpdf&alt=media
30-06-2023 10:01:29 DEBUG: URL being requested: GET https://www.googleapis.com/drive/v3/files/1t8NjhPpkyjtbLzjYV8NZtLvZpzvHvE4CE8P16JO0lXU/export?mimeType=application%2Fpdf&alt=media
30-06-2023 10:01:29 DEBUG: URL being requested: GET https://www.googleapis.com/drive/v3/files/1W8Qpm5jEl8hivhS7WUOzpU21zvYAW8E6NZ1BNH-KnK0/export?mimeType=application%2Fpdf&alt=media
30-06-2023 10:01:29 DEBUG: URL being requested: GET https://www.googleapis.com/drive/v3/files/14lOY9VkVFMYs0FLPxwoYcubGSBmubZVkXV7YOej-E6E/export?mimeType=application%2Fpdf&alt=media
30-06-2023 10:01:29 DEBUG: URL being requested: GET https://www.googleapis.com/drive/v3/files/1Y7oieQFye7LgvB_oAMBSr48CFH_8IOtorGlTg01AuqQ/export?mimeType=application%2Fpdf&alt=media
30-06-2023 10:01:29 DEBUG: URL being requested: GET https://www.googleapis.com/drive/v3/files/1I1ZdnnAeP8pMmAsSkGk1Nti0gTZMeMwRH1rPFLELn68/export?mimeType=application%2Fpdf&alt=media
30-06-2023 10:01:29 DEBUG: URL being requested: GET https://www.googleapis.com/drive/v3/files/1aa010vJ0rPMxRuhZhC7wB9gj62M4szPKEy-xZw0Wlp8/export?mimeType=application%2Fpdf&alt=media
30-06-2023 10:01:29 DEBUG: URL being requested: GET https://www.googleapis.com/drive/v3/files/1uXRT6QneafQSpmxmpCzJ3GWHHHC-UPi0j6iBO2ER6gc/export?mimeType=application%2Fpdf&alt=media
30-06-2023 10:01:29 DEBUG: URL being requested: GET https://www.googleapis.com/drive/v3/files/15-3SKTQxlaP6XpitWfgO8HLIQOkbXatqS3Gw5YFbYaQ/export?mimeType=application%2Fpdf&alt=media
30-06-2023 10:01:29 DEBUG: URL being requested: GET https://www.googleapis.com/drive/v3/files/10YM4h9yLanKGquunC663tpVjHp5HTpQAUxZoVj7CDzI/export?mimeType=application%2Fpdf&alt=media
30-06-2023 10:01:29 DEBUG: URL being requested: GET https://www.googleapis.com/drive/v3/files/1QREwXlbRCKfTMHASWwJMl-cA4Q7l8t1QgvLZqxFQCJ4/export?mimeType=application%2Fpdf&alt=media
30-06-2023 10:01:29 DEBUG: URL being requested: GET https://www.googleapis.com/drive/v3/files/1Iwz6olRvYRjlvBqf-lg7zYbTR1ZiCsJsKDGTmJyZXq4/export?mimeType=application%2Fpdf&alt=media
30-06-2023 10:01:29 DEBUG: URL being requested: GET https://www.googleapis.com/drive/v3/files/1ItxXK5nSBT_QMo16Gu3Tt2k-5-tTEwITw6XN0w9tffw/export?mimeType=application%2Fpdf&alt=media
30-06-2023 10:01:29 DEBUG: URL being requested: GET https://www.googleapis.com/drive/v3/files/1Twv3VKvB4Z7mlZq20rYgsjSLTfYryICvuLHQL_ZhZjo/export?mimeType=application%2Fpdf&alt=media
30-06-2023 10:01:29 DEBUG: URL being requested: GET https://www.googleapis.com/drive/v3/files/1tCXGNW1XUsQSisi0GN2ExOgaIiIm3E4wu3bLoYs2Mu0/export?mimeType=application%2Fpdf&alt=media
30-06-2023 10:01:29 DEBUG: URL being requested: GET https://www.googleapis.com/drive/v3/files/1XFilaAsoRs-vwb6qNITbYIUa19T_bEJAxC-Xw43yKuk/export?mimeType=application%2Fpdf&alt=media
30-06-2023 10:01:29 DEBUG: URL being requested: GET https://www.googleapis.com/drive/v3/files/1sLUr_6ghLJ1Xt-wmZFli50CwMSN_C7ffpCwCjbUMmKQ/export?mimeType=application%2Fpdf&alt=media
30-06-2023 11:01:35 DEBUG: Making request: POST https://oauth2.googleapis.com/token
30-06-2023 11:01:35 DEBUG: Starting new HTTPS connection (1): oauth2.googleapis.com:443
30-06-2023 11:01:36 DEBUG: https://oauth2.googleapis.com:443 "POST /token HTTP/1.1" 200 None
30-06-2023 11:01:36 INFO: file_cache is only supported with oauth2client<4.0.0
30-06-2023 11:01:36 DEBUG: URL being requested: GET https://www.googleapis.com/drive/v3/files?q=%271ghyZVrFMlnNcxfOkGOd2HDvZ1_2b0La_%27+in+parents+and+mimeType%3D%27application%2Fvnd.google-apps.spreadsheet%27&fields=nextPageToken%2C+files%28id%2C+name%29&alt=json
30-06-2023 11:01:36 DEBUG: URL being requested: GET https://www.googleapis.com/drive/v3/files/1BogeZCbc6uVRzdYFDMCfltVlPiPHh850uaITUaeX2e4/export?mimeType=application%2Fpdf&alt=media
30-06-2023 11:01:36 DEBUG: URL being requested: GET https://www.googleapis.com/drive/v3/files/1ftU5tWVOjakuJckFMFb6B-40S7jlYQQafV0CnfAyY70/export?mimeType=application%2Fpdf&alt=media
30-06-2023 11:01:36 DEBUG: URL being requested: GET https://www.googleapis.com/drive/v3/files/1VDu7b5N5LgBvfRb9NvhpRElDkCYkZvBk2JxRqhFDyPE/export?mimeType=application%2Fpdf&alt=media
30-06-2023 11:01:36 DEBUG: URL being requested: GET https://www.googleapis.com/drive/v3/files/1QD-eGkEaNxviYE8kuv0GPlW5ocmKKLPzWu9Ko_W6Wxk/export?mimeType=application%2Fpdf&alt=media
30-06-2023 11:01:36 DEBUG: URL being requested: GET https://www.googleapis.com/drive/v3/files/16YEM6I5obTI_7ohnHBYDU8D5XvzrJHTKqWng6A7rHLU/export?mimeType=application%2Fpdf&alt=media
30-06-2023 11:01:36 DEBUG: URL being requested: GET https://www.googleapis.com/drive/v3/files/1xDUl03dESQ7qvdZw8cZP3G_JPuGgV4XsP7zLMSpA-7A/export?mimeType=application%2Fpdf&alt=media
30-06-2023 11:01:36 DEBUG: URL being requested: GET https://www.googleapis.com/drive/v3/files/1zoLATrFgVlr505emNZzUAF4jUcaXtLkV9vnY6uqEvww/export?mimeType=application%2Fpdf&alt=media
30-06-2023 11:01:36 DEBUG: URL being requested: GET https://www.googleapis.com/drive/v3/files/15sx6cM5nC6U42OERVG37XWQJcOxXBake2nADc5jVlbA/export?mimeType=application%2Fpdf&alt=media
30-06-2023 11:01:36 DEBUG: URL being requested: GET https://www.googleapis.com/drive/v3/files/1v0VMV0w0Q8aNpVwM0hMjCCcLoxceDnLJsgDAU4Tud0A/export?mimeType=application%2Fpdf&alt=media
30-06-2023 11:01:36 DEBUG: URL being requested: GET https://www.googleapis.com/drive/v3/files/1YrHoVl1Y4gYVACQs2uNqD0ZD_Hj4-ersB8DGdyJ0-eE/export?mimeType=application%2Fpdf&alt=media
30-06-2023 11:01:36 DEBUG: URL being requested: GET https://www.googleapis.com/drive/v3/files/1uEtOX7zxi3BrSXAbjwf1s5kSfCLHaWZEA5PL7S9qoPY/export?mimeType=application%2Fpdf&alt=media
30-06-2023 11:01:36 DEBUG: URL being requested: GET https://www.googleapis.com/drive/v3/files/1O7vrojrWum7muhzlQgYvq18Zt1m6cNLslI0tw26qSDE/export?mimeType=application%2Fpdf&alt=media
30-06-2023 11:01:36 DEBUG: URL being requested: GET https://www.googleapis.com/drive/v3/files/1ablEzLyrBc9A2tNgpaAhi2lzzFJci3cD4QKZ_nIqnrY/export?mimeType=application%2Fpdf&alt=media
30-06-2023 11:01:36 DEBUG: URL being requested: GET https://www.googleapis.com/drive/v3/files/1_Wn2raOnFwlo5Ut51yaDaUtsya-ezYYatFX3gTKul5k/export?mimeType=application%2Fpdf&alt=media
30-06-2023 11:01:36 DEBUG: URL being requested: GET https://www.googleapis.com/drive/v3/files/1yIKHYNwSZ1h_VEeSGmKjPwDcWEI_P2nKk0TVoJzidTo/export?mimeType=application%2Fpdf&alt=media
30-06-2023 11:01:36 DEBUG: URL being requested: GET https://www.googleapis.com/drive/v3/files/1irZVvNQLlidQ7dTkdPkQSiaideiDscCzN08L-q1s0HQ/export?mimeType=application%2Fpdf&alt=media
30-06-2023 11:01:36 DEBUG: URL being requested: GET https://www.googleapis.com/drive/v3/files/1oJ_lIs6MkEYrCEdlJi1SCSehetzBWdGB6YYBsaq-84o/export?mimeType=application%2Fpdf&alt=media
30-06-2023 11:01:36 DEBUG: URL being requested: GET https://www.googleapis.com/drive/v3/files/1QlJeyQatmFNpRd2jyQZdyO0Vv4jfJI_o66GzPEteNsY/export?mimeType=application%2Fpdf&alt=media
30-06-2023 11:01:36 DEBUG: URL being requested: GET https://www.googleapis.com/drive/v3/files/1Jgiz66UarqnpGL4YrBKgvbcr5OuLtkia8q9GMV-CRag/export?mimeType=application%2Fpdf&alt=media
30-06-2023 11:01:36 DEBUG: URL being requested: GET https://www.googleapis.com/drive/v3/files/15deSGJ05lKSsuaeymGZcwHYLEZxvni9ZPLZCCKQTkX8/export?mimeType=application%2Fpdf&alt=media
30-06-2023 11:01:36 DEBUG: URL being requested: GET https://www.googleapis.com/drive/v3/files/1epvhUI0QllLBhexMCc5aNZBTu88uM03D_vWEWYpbHlQ/export?mimeType=application%2Fpdf&alt=media
30-06-2023 11:01:36 DEBUG: URL being requested: GET https://www.googleapis.com/drive/v3/files/1avqnvjfpkPr6d4Wi50jyZFbOC9kBFJReCXDxsqyp96o/export?mimeType=application%2Fpdf&alt=media
30-06-2023 11:01:36 DEBUG: URL being requested: GET https://www.googleapis.com/drive/v3/files?q=%271fR7bDwkDljhgxtuXqaGWmCn_O2anIKmg%27+in+parents+and+mimeType%3D%27application%2Fvnd.google-apps.spreadsheet%27&fields=nextPageToken%2C+files%28id%2C+name%29&alt=json
30-06-2023 11:01:37 DEBUG: URL being requested: GET https://www.googleapis.com/drive/v3/files/1vcvWdTIho_s3MzFG0orZmtyOdQdyA56lqodwBPXGcNc/export?mimeType=application%2Fpdf&alt=media
30-06-2023 11:01:37 DEBUG: URL being requested: GET https://www.googleapis.com/drive/v3/files/160n67IGeLTDJW2Qq_h_z2sL7a7WBY0gICWIUQfl04PE/export?mimeType=application%2Fpdf&alt=media
30-06-2023 11:01:37 DEBUG: URL being requested: GET https://www.googleapis.com/drive/v3/files/1kFcsVD4FAY0bV8jHEAnrPfOEG7t1pYxY8X5LVk12TeU/export?mimeType=application%2Fpdf&alt=media
30-06-2023 11:01:37 DEBUG: URL being requested: GET https://www.googleapis.com/drive/v3/files/1VEQvTWBNZxOubac0f76UQ4qov0yeGM1C6XHw0bgl7pc/export?mimeType=application%2Fpdf&alt=media
30-06-2023 11:01:37 DEBUG: URL being requested: GET https://www.googleapis.com/drive/v3/files/1QPHZI2QbrJ-liKfW0y2CFuGKDkWp3YNcI5c6Dnccg6U/export?mimeType=application%2Fpdf&alt=media
30-06-2023 11:01:37 DEBUG: URL being requested: GET https://www.googleapis.com/drive/v3/files/10CA6MQSIOvZGTijevWkpCzENSsYZlPa5EY-m83fHCPk/export?mimeType=application%2Fpdf&alt=media
30-06-2023 11:01:37 DEBUG: URL being requested: GET https://www.googleapis.com/drive/v3/files/1t8NjhPpkyjtbLzjYV8NZtLvZpzvHvE4CE8P16JO0lXU/export?mimeType=application%2Fpdf&alt=media
30-06-2023 11:01:37 DEBUG: URL being requested: GET https://www.googleapis.com/drive/v3/files/1W8Qpm5jEl8hivhS7WUOzpU21zvYAW8E6NZ1BNH-KnK0/export?mimeType=application%2Fpdf&alt=media
30-06-2023 11:01:37 DEBUG: URL being requested: GET https://www.googleapis.com/drive/v3/files/14lOY9VkVFMYs0FLPxwoYcubGSBmubZVkXV7YOej-E6E/export?mimeType=application%2Fpdf&alt=media
30-06-2023 11:01:37 DEBUG: URL being requested: GET https://www.googleapis.com/drive/v3/files/1Y7oieQFye7LgvB_oAMBSr48CFH_8IOtorGlTg01AuqQ/export?mimeType=application%2Fpdf&alt=media
30-06-2023 11:01:37 DEBUG: URL being requested: GET https://www.googleapis.com/drive/v3/files/1I1ZdnnAeP8pMmAsSkGk1Nti0gTZMeMwRH1rPFLELn68/export?mimeType=application%2Fpdf&alt=media
30-06-2023 11:01:37 DEBUG: URL being requested: GET https://www.googleapis.com/drive/v3/files/1aa010vJ0rPMxRuhZhC7wB9gj62M4szPKEy-xZw0Wlp8/export?mimeType=application%2Fpdf&alt=media
30-06-2023 11:01:37 DEBUG: URL being requested: GET https://www.googleapis.com/drive/v3/files/1uXRT6QneafQSpmxmpCzJ3GWHHHC-UPi0j6iBO2ER6gc/export?mimeType=application%2Fpdf&alt=media
30-06-2023 11:01:37 DEBUG: URL being requested: GET https://www.googleapis.com/drive/v3/files/15-3SKTQxlaP6XpitWfgO8HLIQOkbXatqS3Gw5YFbYaQ/export?mimeType=application%2Fpdf&alt=media
30-06-2023 11:01:37 DEBUG: URL being requested: GET https://www.googleapis.com/drive/v3/files/10YM4h9yLanKGquunC663tpVjHp5HTpQAUxZoVj7CDzI/export?mimeType=application%2Fpdf&alt=media
30-06-2023 11:01:37 DEBUG: URL being requested: GET https://www.googleapis.com/drive/v3/files/1QREwXlbRCKfTMHASWwJMl-cA4Q7l8t1QgvLZqxFQCJ4/export?mimeType=application%2Fpdf&alt=media
30-06-2023 11:01:37 DEBUG: URL being requested: GET https://www.googleapis.com/drive/v3/files/1Iwz6olRvYRjlvBqf-lg7zYbTR1ZiCsJsKDGTmJyZXq4/export?mimeType=application%2Fpdf&alt=media
30-06-2023 11:01:37 DEBUG: URL being requested: GET https://www.googleapis.com/drive/v3/files/1ItxXK5nSBT_QMo16Gu3Tt2k-5-tTEwITw6XN0w9tffw/export?mimeType=application%2Fpdf&alt=media
30-06-2023 11:01:37 DEBUG: URL being requested: GET https://www.googleapis.com/drive/v3/files/1Twv3VKvB4Z7mlZq20rYgsjSLTfYryICvuLHQL_ZhZjo/export?mimeType=application%2Fpdf&alt=media
30-06-2023 11:01:37 DEBUG: URL being requested: GET https://www.googleapis.com/drive/v3/files/1tCXGNW1XUsQSisi0GN2ExOgaIiIm3E4wu3bLoYs2Mu0/export?mimeType=application%2Fpdf&alt=media
30-06-2023 11:01:37 DEBUG: URL being requested: GET https://www.googleapis.com/drive/v3/files/1XFilaAsoRs-vwb6qNITbYIUa19T_bEJAxC-Xw43yKuk/export?mimeType=application%2Fpdf&alt=media
30-06-2023 11:01:37 DEBUG: URL being requested: GET https://www.googleapis.com/drive/v3/files/1sLUr_6ghLJ1Xt-wmZFli50CwMSN_C7ffpCwCjbUMmKQ/export?mimeType=application%2Fpdf&alt=media
30-06-2023 12:01:51 DEBUG: Making request: POST https://oauth2.googleapis.com/token
30-06-2023 12:01:51 DEBUG: Starting new HTTPS connection (1): oauth2.googleapis.com:443
30-06-2023 12:01:51 DEBUG: https://oauth2.googleapis.com:443 "POST /token HTTP/1.1" 200 None
30-06-2023 12:01:51 INFO: file_cache is only supported with oauth2client<4.0.0
30-06-2023 12:01:51 DEBUG: URL being requested: GET https://www.googleapis.com/drive/v3/files?q=%271ghyZVrFMlnNcxfOkGOd2HDvZ1_2b0La_%27+in+parents+and+mimeType%3D%27application%2Fvnd.google-apps.spreadsheet%27&fields=nextPageToken%2C+files%28id%2C+name%29&alt=json
30-06-2023 12:01:52 DEBUG: URL being requested: GET https://www.googleapis.com/drive/v3/files/1BogeZCbc6uVRzdYFDMCfltVlPiPHh850uaITUaeX2e4/export?mimeType=application%2Fpdf&alt=media
30-06-2023 12:01:52 DEBUG: URL being requested: GET https://www.googleapis.com/drive/v3/files/1ftU5tWVOjakuJckFMFb6B-40S7jlYQQafV0CnfAyY70/export?mimeType=application%2Fpdf&alt=media
30-06-2023 12:01:52 DEBUG: URL being requested: GET https://www.googleapis.com/drive/v3/files/1VDu7b5N5LgBvfRb9NvhpRElDkCYkZvBk2JxRqhFDyPE/export?mimeType=application%2Fpdf&alt=media
30-06-2023 12:01:52 DEBUG: URL being requested: GET https://www.googleapis.com/drive/v3/files/1QD-eGkEaNxviYE8kuv0GPlW5ocmKKLPzWu9Ko_W6Wxk/export?mimeType=application%2Fpdf&alt=media
30-06-2023 12:01:52 DEBUG: URL being requested: GET https://www.googleapis.com/drive/v3/files/16YEM6I5obTI_7ohnHBYDU8D5XvzrJHTKqWng6A7rHLU/export?mimeType=application%2Fpdf&alt=media
30-06-2023 12:01:52 DEBUG: URL being requested: GET https://www.googleapis.com/drive/v3/files/1xDUl03dESQ7qvdZw8cZP3G_JPuGgV4XsP7zLMSpA-7A/export?mimeType=application%2Fpdf&alt=media
30-06-2023 12:01:52 DEBUG: URL being requested: GET https://www.googleapis.com/drive/v3/files/1zoLATrFgVlr505emNZzUAF4jUcaXtLkV9vnY6uqEvww/export?mimeType=application%2Fpdf&alt=media
30-06-2023 12:01:52 DEBUG: URL being requested: GET https://www.googleapis.com/drive/v3/files/15sx6cM5nC6U42OERVG37XWQJcOxXBake2nADc5jVlbA/export?mimeType=application%2Fpdf&alt=media
30-06-2023 12:01:52 DEBUG: URL being requested: GET https://www.googleapis.com/drive/v3/files/1v0VMV0w0Q8aNpVwM0hMjCCcLoxceDnLJsgDAU4Tud0A/export?mimeType=application%2Fpdf&alt=media
30-06-2023 12:01:52 DEBUG: URL being requested: GET https://www.googleapis.com/drive/v3/files/1YrHoVl1Y4gYVACQs2uNqD0ZD_Hj4-ersB8DGdyJ0-eE/export?mimeType=application%2Fpdf&alt=media
30-06-2023 12:01:52 DEBUG: URL being requested: GET https://www.googleapis.com/drive/v3/files/1uEtOX7zxi3BrSXAbjwf1s5kSfCLHaWZEA5PL7S9qoPY/export?mimeType=application%2Fpdf&alt=media
30-06-2023 12:01:52 DEBUG: URL being requested: GET https://www.googleapis.com/drive/v3/files/1O7vrojrWum7muhzlQgYvq18Zt1m6cNLslI0tw26qSDE/export?mimeType=application%2Fpdf&alt=media
30-06-2023 12:01:52 DEBUG: URL being requested: GET https://www.googleapis.com/drive/v3/files/1ablEzLyrBc9A2tNgpaAhi2lzzFJci3cD4QKZ_nIqnrY/export?mimeType=application%2Fpdf&alt=media
30-06-2023 12:01:52 DEBUG: URL being requested: GET https://www.googleapis.com/drive/v3/files/1_Wn2raOnFwlo5Ut51yaDaUtsya-ezYYatFX3gTKul5k/export?mimeType=application%2Fpdf&alt=media
30-06-2023 12:01:52 DEBUG: URL being requested: GET https://www.googleapis.com/drive/v3/files/1yIKHYNwSZ1h_VEeSGmKjPwDcWEI_P2nKk0TVoJzidTo/export?mimeType=application%2Fpdf&alt=media
30-06-2023 12:01:52 DEBUG: URL being requested: GET https://www.googleapis.com/drive/v3/files/1irZVvNQLlidQ7dTkdPkQSiaideiDscCzN08L-q1s0HQ/export?mimeType=application%2Fpdf&alt=media
30-06-2023 12:01:52 DEBUG: URL being requested: GET https://www.googleapis.com/drive/v3/files/1oJ_lIs6MkEYrCEdlJi1SCSehetzBWdGB6YYBsaq-84o/export?mimeType=application%2Fpdf&alt=media
30-06-2023 12:01:52 DEBUG: URL being requested: GET https://www.googleapis.com/drive/v3/files/1QlJeyQatmFNpRd2jyQZdyO0Vv4jfJI_o66GzPEteNsY/export?mimeType=application%2Fpdf&alt=media
30-06-2023 12:01:52 DEBUG: URL being requested: GET https://www.googleapis.com/drive/v3/files/1Jgiz66UarqnpGL4YrBKgvbcr5OuLtkia8q9GMV-CRag/export?mimeType=application%2Fpdf&alt=media
30-06-2023 12:01:52 DEBUG: URL being requested: GET https://www.googleapis.com/drive/v3/files/15deSGJ05lKSsuaeymGZcwHYLEZxvni9ZPLZCCKQTkX8/export?mimeType=application%2Fpdf&alt=media
30-06-2023 12:01:52 DEBUG: URL being requested: GET https://www.googleapis.com/drive/v3/files/1epvhUI0QllLBhexMCc5aNZBTu88uM03D_vWEWYpbHlQ/export?mimeType=application%2Fpdf&alt=media
30-06-2023 12:01:52 DEBUG: URL being requested: GET https://www.googleapis.com/drive/v3/files/1avqnvjfpkPr6d4Wi50jyZFbOC9kBFJReCXDxsqyp96o/export?mimeType=application%2Fpdf&alt=media
30-06-2023 12:01:52 DEBUG: URL being requested: GET https://www.googleapis.com/drive/v3/files?q=%271fR7bDwkDljhgxtuXqaGWmCn_O2anIKmg%27+in+parents+and+mimeType%3D%27application%2Fvnd.google-apps.spreadsheet%27&fields=nextPageToken%2C+files%28id%2C+name%29&alt=json
30-06-2023 12:01:52 DEBUG: URL being requested: GET https://www.googleapis.com/drive/v3/files/1vcvWdTIho_s3MzFG0orZmtyOdQdyA56lqodwBPXGcNc/export?mimeType=application%2Fpdf&alt=media
30-06-2023 12:01:52 DEBUG: URL being requested: GET https://www.googleapis.com/drive/v3/files/160n67IGeLTDJW2Qq_h_z2sL7a7WBY0gICWIUQfl04PE/export?mimeType=application%2Fpdf&alt=media
30-06-2023 12:01:52 DEBUG: URL being requested: GET https://www.googleapis.com/drive/v3/files/1kFcsVD4FAY0bV8jHEAnrPfOEG7t1pYxY8X5LVk12TeU/export?mimeType=application%2Fpdf&alt=media
30-06-2023 12:01:52 DEBUG: URL being requested: GET https://www.googleapis.com/drive/v3/files/1VEQvTWBNZxOubac0f76UQ4qov0yeGM1C6XHw0bgl7pc/export?mimeType=application%2Fpdf&alt=media
30-06-2023 12:01:52 DEBUG: URL being requested: GET https://www.googleapis.com/drive/v3/files/1QPHZI2QbrJ-liKfW0y2CFuGKDkWp3YNcI5c6Dnccg6U/export?mimeType=application%2Fpdf&alt=media
30-06-2023 12:01:52 DEBUG: URL being requested: GET https://www.googleapis.com/drive/v3/files/10CA6MQSIOvZGTijevWkpCzENSsYZlPa5EY-m83fHCPk/export?mimeType=application%2Fpdf&alt=media
30-06-2023 12:01:52 DEBUG: URL being requested: GET https://www.googleapis.com/drive/v3/files/1t8NjhPpkyjtbLzjYV8NZtLvZpzvHvE4CE8P16JO0lXU/export?mimeType=application%2Fpdf&alt=media
30-06-2023 12:01:52 DEBUG: URL being requested: GET https://www.googleapis.com/drive/v3/files/1W8Qpm5jEl8hivhS7WUOzpU21zvYAW8E6NZ1BNH-KnK0/export?mimeType=application%2Fpdf&alt=media
30-06-2023 12:01:52 DEBUG: URL being requested: GET https://www.googleapis.com/drive/v3/files/14lOY9VkVFMYs0FLPxwoYcubGSBmubZVkXV7YOej-E6E/export?mimeType=application%2Fpdf&alt=media
30-06-2023 12:01:52 DEBUG: URL being requested: GET https://www.googleapis.com/drive/v3/files/1Y7oieQFye7LgvB_oAMBSr48CFH_8IOtorGlTg01AuqQ/export?mimeType=application%2Fpdf&alt=media
30-06-2023 12:01:52 DEBUG: URL being requested: GET https://www.googleapis.com/drive/v3/files/1I1ZdnnAeP8pMmAsSkGk1Nti0gTZMeMwRH1rPFLELn68/export?mimeType=application%2Fpdf&alt=media
30-06-2023 12:01:52 DEBUG: URL being requested: GET https://www.googleapis.com/drive/v3/files/1aa010vJ0rPMxRuhZhC7wB9gj62M4szPKEy-xZw0Wlp8/export?mimeType=application%2Fpdf&alt=media
30-06-2023 12:01:52 DEBUG: URL being requested: GET https://www.googleapis.com/drive/v3/files/1uXRT6QneafQSpmxmpCzJ3GWHHHC-UPi0j6iBO2ER6gc/export?mimeType=application%2Fpdf&alt=media
30-06-2023 12:01:52 DEBUG: URL being requested: GET https://www.googleapis.com/drive/v3/files/15-3SKTQxlaP6XpitWfgO8HLIQOkbXatqS3Gw5YFbYaQ/export?mimeType=application%2Fpdf&alt=media
30-06-2023 12:01:52 DEBUG: URL being requested: GET https://www.googleapis.com/drive/v3/files/10YM4h9yLanKGquunC663tpVjHp5HTpQAUxZoVj7CDzI/export?mimeType=application%2Fpdf&alt=media
30-06-2023 12:01:52 DEBUG: URL being requested: GET https://www.googleapis.com/drive/v3/files/1QREwXlbRCKfTMHASWwJMl-cA4Q7l8t1QgvLZqxFQCJ4/export?mimeType=application%2Fpdf&alt=media
30-06-2023 12:01:52 DEBUG: URL being requested: GET https://www.googleapis.com/drive/v3/files/1Iwz6olRvYRjlvBqf-lg7zYbTR1ZiCsJsKDGTmJyZXq4/export?mimeType=application%2Fpdf&alt=media
30-06-2023 12:01:52 DEBUG: URL being requested: GET https://www.googleapis.com/drive/v3/files/1ItxXK5nSBT_QMo16Gu3Tt2k-5-tTEwITw6XN0w9tffw/export?mimeType=application%2Fpdf&alt=media
30-06-2023 12:01:52 DEBUG: URL being requested: GET https://www.googleapis.com/drive/v3/files/1Twv3VKvB4Z7mlZq20rYgsjSLTfYryICvuLHQL_ZhZjo/export?mimeType=application%2Fpdf&alt=media
30-06-2023 12:01:52 DEBUG: URL being requested: GET https://www.googleapis.com/drive/v3/files/1tCXGNW1XUsQSisi0GN2ExOgaIiIm3E4wu3bLoYs2Mu0/export?mimeType=application%2Fpdf&alt=media
30-06-2023 12:01:52 DEBUG: URL being requested: GET https://www.googleapis.com/drive/v3/files/1XFilaAsoRs-vwb6qNITbYIUa19T_bEJAxC-Xw43yKuk/export?mimeType=application%2Fpdf&alt=media
30-06-2023 12:01:52 DEBUG: URL being requested: GET https://www.googleapis.com/drive/v3/files/1sLUr_6ghLJ1Xt-wmZFli50CwMSN_C7ffpCwCjbUMmKQ/export?mimeType=application%2Fpdf&alt=media
30-06-2023 13:02:00 DEBUG: Making request: POST https://oauth2.googleapis.com/token
30-06-2023 13:02:00 DEBUG: Starting new HTTPS connection (1): oauth2.googleapis.com:443
30-06-2023 13:02:00 DEBUG: https://oauth2.googleapis.com:443 "POST /token HTTP/1.1" 200 None
30-06-2023 13:02:00 INFO: file_cache is only supported with oauth2client<4.0.0
30-06-2023 13:02:00 DEBUG: URL being requested: GET https://www.googleapis.com/drive/v3/files?q=%271ghyZVrFMlnNcxfOkGOd2HDvZ1_2b0La_%27+in+parents+and+mimeType%3D%27application%2Fvnd.google-apps.spreadsheet%27&fields=nextPageToken%2C+files%28id%2C+name%29&alt=json
30-06-2023 13:02:00 DEBUG: URL being requested: GET https://www.googleapis.com/drive/v3/files/1BogeZCbc6uVRzdYFDMCfltVlPiPHh850uaITUaeX2e4/export?mimeType=application%2Fpdf&alt=media
30-06-2023 13:02:00 DEBUG: URL being requested: GET https://www.googleapis.com/drive/v3/files/1ftU5tWVOjakuJckFMFb6B-40S7jlYQQafV0CnfAyY70/export?mimeType=application%2Fpdf&alt=media
30-06-2023 13:02:00 DEBUG: URL being requested: GET https://www.googleapis.com/drive/v3/files/1VDu7b5N5LgBvfRb9NvhpRElDkCYkZvBk2JxRqhFDyPE/export?mimeType=application%2Fpdf&alt=media
30-06-2023 13:02:00 DEBUG: URL being requested: GET https://www.googleapis.com/drive/v3/files/1QD-eGkEaNxviYE8kuv0GPlW5ocmKKLPzWu9Ko_W6Wxk/export?mimeType=application%2Fpdf&alt=media
30-06-2023 13:02:00 DEBUG: URL being requested: GET https://www.googleapis.com/drive/v3/files/16YEM6I5obTI_7ohnHBYDU8D5XvzrJHTKqWng6A7rHLU/export?mimeType=application%2Fpdf&alt=media
30-06-2023 13:02:00 DEBUG: URL being requested: GET https://www.googleapis.com/drive/v3/files/1xDUl03dESQ7qvdZw8cZP3G_JPuGgV4XsP7zLMSpA-7A/export?mimeType=application%2Fpdf&alt=media
30-06-2023 13:02:00 DEBUG: URL being requested: GET https://www.googleapis.com/drive/v3/files/1zoLATrFgVlr505emNZzUAF4jUcaXtLkV9vnY6uqEvww/export?mimeType=application%2Fpdf&alt=media
30-06-2023 13:02:00 DEBUG: URL being requested: GET https://www.googleapis.com/drive/v3/files/15sx6cM5nC6U42OERVG37XWQJcOxXBake2nADc5jVlbA/export?mimeType=application%2Fpdf&alt=media
30-06-2023 13:02:00 DEBUG: URL being requested: GET https://www.googleapis.com/drive/v3/files/1v0VMV0w0Q8aNpVwM0hMjCCcLoxceDnLJsgDAU4Tud0A/export?mimeType=application%2Fpdf&alt=media
30-06-2023 13:02:00 DEBUG: URL being requested: GET https://www.googleapis.com/drive/v3/files/1YrHoVl1Y4gYVACQs2uNqD0ZD_Hj4-ersB8DGdyJ0-eE/export?mimeType=application%2Fpdf&alt=media
30-06-2023 13:02:00 DEBUG: URL being requested: GET https://www.googleapis.com/drive/v3/files/1uEtOX7zxi3BrSXAbjwf1s5kSfCLHaWZEA5PL7S9qoPY/export?mimeType=application%2Fpdf&alt=media
30-06-2023 13:02:00 DEBUG: URL being requested: GET https://www.googleapis.com/drive/v3/files/1O7vrojrWum7muhzlQgYvq18Zt1m6cNLslI0tw26qSDE/export?mimeType=application%2Fpdf&alt=media
30-06-2023 13:02:00 DEBUG: URL being requested: GET https://www.googleapis.com/drive/v3/files/1ablEzLyrBc9A2tNgpaAhi2lzzFJci3cD4QKZ_nIqnrY/export?mimeType=application%2Fpdf&alt=media
30-06-2023 13:02:00 DEBUG: URL being requested: GET https://www.googleapis.com/drive/v3/files/1_Wn2raOnFwlo5Ut51yaDaUtsya-ezYYatFX3gTKul5k/export?mimeType=application%2Fpdf&alt=media
30-06-2023 13:02:00 DEBUG: URL being requested: GET https://www.googleapis.com/drive/v3/files/1yIKHYNwSZ1h_VEeSGmKjPwDcWEI_P2nKk0TVoJzidTo/export?mimeType=application%2Fpdf&alt=media
30-06-2023 13:02:00 DEBUG: URL being requested: GET https://www.googleapis.com/drive/v3/files/1irZVvNQLlidQ7dTkdPkQSiaideiDscCzN08L-q1s0HQ/export?mimeType=application%2Fpdf&alt=media
30-06-2023 13:02:00 DEBUG: URL being requested: GET https://www.googleapis.com/drive/v3/files/1oJ_lIs6MkEYrCEdlJi1SCSehetzBWdGB6YYBsaq-84o/export?mimeType=application%2Fpdf&alt=media
30-06-2023 13:02:00 DEBUG: URL being requested: GET https://www.googleapis.com/drive/v3/files/1QlJeyQatmFNpRd2jyQZdyO0Vv4jfJI_o66GzPEteNsY/export?mimeType=application%2Fpdf&alt=media
30-06-2023 13:02:00 DEBUG: URL being requested: GET https://www.googleapis.com/drive/v3/files/1Jgiz66UarqnpGL4YrBKgvbcr5OuLtkia8q9GMV-CRag/export?mimeType=application%2Fpdf&alt=media
30-06-2023 13:02:01 DEBUG: URL being requested: GET https://www.googleapis.com/drive/v3/files/15deSGJ05lKSsuaeymGZcwHYLEZxvni9ZPLZCCKQTkX8/export?mimeType=application%2Fpdf&alt=media
30-06-2023 13:02:01 DEBUG: URL being requested: GET https://www.googleapis.com/drive/v3/files/1epvhUI0QllLBhexMCc5aNZBTu88uM03D_vWEWYpbHlQ/export?mimeType=application%2Fpdf&alt=media
30-06-2023 13:02:01 DEBUG: URL being requested: GET https://www.googleapis.com/drive/v3/files/1avqnvjfpkPr6d4Wi50jyZFbOC9kBFJReCXDxsqyp96o/export?mimeType=application%2Fpdf&alt=media
30-06-2023 13:02:01 DEBUG: URL being requested: GET https://www.googleapis.com/drive/v3/files?q=%271fR7bDwkDljhgxtuXqaGWmCn_O2anIKmg%27+in+parents+and+mimeType%3D%27application%2Fvnd.google-apps.spreadsheet%27&fields=nextPageToken%2C+files%28id%2C+name%29&alt=json
30-06-2023 13:02:01 DEBUG: URL being requested: GET https://www.googleapis.com/drive/v3/files/1vcvWdTIho_s3MzFG0orZmtyOdQdyA56lqodwBPXGcNc/export?mimeType=application%2Fpdf&alt=media
30-06-2023 13:02:01 DEBUG: URL being requested: GET https://www.googleapis.com/drive/v3/files/160n67IGeLTDJW2Qq_h_z2sL7a7WBY0gICWIUQfl04PE/export?mimeType=application%2Fpdf&alt=media
30-06-2023 13:02:01 DEBUG: URL being requested: GET https://www.googleapis.com/drive/v3/files/1kFcsVD4FAY0bV8jHEAnrPfOEG7t1pYxY8X5LVk12TeU/export?mimeType=application%2Fpdf&alt=media
30-06-2023 13:02:01 DEBUG: URL being requested: GET https://www.googleapis.com/drive/v3/files/1VEQvTWBNZxOubac0f76UQ4qov0yeGM1C6XHw0bgl7pc/export?mimeType=application%2Fpdf&alt=media
30-06-2023 13:02:01 DEBUG: URL being requested: GET https://www.googleapis.com/drive/v3/files/1QPHZI2QbrJ-liKfW0y2CFuGKDkWp3YNcI5c6Dnccg6U/export?mimeType=application%2Fpdf&alt=media
30-06-2023 13:02:01 DEBUG: URL being requested: GET https://www.googleapis.com/drive/v3/files/10CA6MQSIOvZGTijevWkpCzENSsYZlPa5EY-m83fHCPk/export?mimeType=application%2Fpdf&alt=media
30-06-2023 13:02:01 DEBUG: URL being requested: GET https://www.googleapis.com/drive/v3/files/1t8NjhPpkyjtbLzjYV8NZtLvZpzvHvE4CE8P16JO0lXU/export?mimeType=application%2Fpdf&alt=media
30-06-2023 13:02:01 DEBUG: URL being requested: GET https://www.googleapis.com/drive/v3/files/1W8Qpm5jEl8hivhS7WUOzpU21zvYAW8E6NZ1BNH-KnK0/export?mimeType=application%2Fpdf&alt=media
30-06-2023 13:02:01 DEBUG: URL being requested: GET https://www.googleapis.com/drive/v3/files/14lOY9VkVFMYs0FLPxwoYcubGSBmubZVkXV7YOej-E6E/export?mimeType=application%2Fpdf&alt=media
30-06-2023 13:02:01 DEBUG: URL being requested: GET https://www.googleapis.com/drive/v3/files/1Y7oieQFye7LgvB_oAMBSr48CFH_8IOtorGlTg01AuqQ/export?mimeType=application%2Fpdf&alt=media
30-06-2023 13:02:01 DEBUG: URL being requested: GET https://www.googleapis.com/drive/v3/files/1I1ZdnnAeP8pMmAsSkGk1Nti0gTZMeMwRH1rPFLELn68/export?mimeType=application%2Fpdf&alt=media
30-06-2023 13:02:01 DEBUG: URL being requested: GET https://www.googleapis.com/drive/v3/files/1aa010vJ0rPMxRuhZhC7wB9gj62M4szPKEy-xZw0Wlp8/export?mimeType=application%2Fpdf&alt=media
30-06-2023 13:02:01 DEBUG: URL being requested: GET https://www.googleapis.com/drive/v3/files/1uXRT6QneafQSpmxmpCzJ3GWHHHC-UPi0j6iBO2ER6gc/export?mimeType=application%2Fpdf&alt=media
30-06-2023 13:02:01 DEBUG: URL being requested: GET https://www.googleapis.com/drive/v3/files/15-3SKTQxlaP6XpitWfgO8HLIQOkbXatqS3Gw5YFbYaQ/export?mimeType=application%2Fpdf&alt=media
30-06-2023 13:02:01 DEBUG: URL being requested: GET https://www.googleapis.com/drive/v3/files/10YM4h9yLanKGquunC663tpVjHp5HTpQAUxZoVj7CDzI/export?mimeType=application%2Fpdf&alt=media
30-06-2023 13:02:01 DEBUG: URL being requested: GET https://www.googleapis.com/drive/v3/files/1QREwXlbRCKfTMHASWwJMl-cA4Q7l8t1QgvLZqxFQCJ4/export?mimeType=application%2Fpdf&alt=media
30-06-2023 13:02:01 DEBUG: URL being requested: GET https://www.googleapis.com/drive/v3/files/1Iwz6olRvYRjlvBqf-lg7zYbTR1ZiCsJsKDGTmJyZXq4/export?mimeType=application%2Fpdf&alt=media
30-06-2023 13:02:01 DEBUG: URL being requested: GET https://www.googleapis.com/drive/v3/files/1ItxXK5nSBT_QMo16Gu3Tt2k-5-tTEwITw6XN0w9tffw/export?mimeType=application%2Fpdf&alt=media
30-06-2023 13:02:01 DEBUG: URL being requested: GET https://www.googleapis.com/drive/v3/files/1Twv3VKvB4Z7mlZq20rYgsjSLTfYryICvuLHQL_ZhZjo/export?mimeType=application%2Fpdf&alt=media
30-06-2023 13:02:01 DEBUG: URL being requested: GET https://www.googleapis.com/drive/v3/files/1tCXGNW1XUsQSisi0GN2ExOgaIiIm3E4wu3bLoYs2Mu0/export?mimeType=application%2Fpdf&alt=media
30-06-2023 13:02:01 DEBUG: URL being requested: GET https://www.googleapis.com/drive/v3/files/1XFilaAsoRs-vwb6qNITbYIUa19T_bEJAxC-Xw43yKuk/export?mimeType=application%2Fpdf&alt=media
30-06-2023 13:02:01 DEBUG: URL being requested: GET https://www.googleapis.com/drive/v3/files/1sLUr_6ghLJ1Xt-wmZFli50CwMSN_C7ffpCwCjbUMmKQ/export?mimeType=application%2Fpdf&alt=media
30-06-2023 14:02:21 DEBUG: Making request: POST https://oauth2.googleapis.com/token
30-06-2023 14:02:21 DEBUG: Starting new HTTPS connection (1): oauth2.googleapis.com:443
30-06-2023 14:02:22 DEBUG: https://oauth2.googleapis.com:443 "POST /token HTTP/1.1" 200 None
30-06-2023 14:02:22 INFO: file_cache is only supported with oauth2client<4.0.0
30-06-2023 14:02:22 DEBUG: URL being requested: GET https://www.googleapis.com/drive/v3/files?q=%271ghyZVrFMlnNcxfOkGOd2HDvZ1_2b0La_%27+in+parents+and+mimeType%3D%27application%2Fvnd.google-apps.spreadsheet%27&fields=nextPageToken%2C+files%28id%2C+name%29&alt=json
30-06-2023 14:02:22 DEBUG: URL being requested: GET https://www.googleapis.com/drive/v3/files/1BogeZCbc6uVRzdYFDMCfltVlPiPHh850uaITUaeX2e4/export?mimeType=application%2Fpdf&alt=media
30-06-2023 14:02:22 DEBUG: URL being requested: GET https://www.googleapis.com/drive/v3/files/1ftU5tWVOjakuJckFMFb6B-40S7jlYQQafV0CnfAyY70/export?mimeType=application%2Fpdf&alt=media
30-06-2023 14:02:22 DEBUG: URL being requested: GET https://www.googleapis.com/drive/v3/files/1VDu7b5N5LgBvfRb9NvhpRElDkCYkZvBk2JxRqhFDyPE/export?mimeType=application%2Fpdf&alt=media
30-06-2023 14:02:22 DEBUG: URL being requested: GET https://www.googleapis.com/drive/v3/files/1QD-eGkEaNxviYE8kuv0GPlW5ocmKKLPzWu9Ko_W6Wxk/export?mimeType=application%2Fpdf&alt=media
30-06-2023 14:02:22 DEBUG: URL being requested: GET https://www.googleapis.com/drive/v3/files/16YEM6I5obTI_7ohnHBYDU8D5XvzrJHTKqWng6A7rHLU/export?mimeType=application%2Fpdf&alt=media
30-06-2023 14:02:22 DEBUG: URL being requested: GET https://www.googleapis.com/drive/v3/files/1xDUl03dESQ7qvdZw8cZP3G_JPuGgV4XsP7zLMSpA-7A/export?mimeType=application%2Fpdf&alt=media
30-06-2023 14:02:22 DEBUG: URL being requested: GET https://www.googleapis.com/drive/v3/files/1zoLATrFgVlr505emNZzUAF4jUcaXtLkV9vnY6uqEvww/export?mimeType=application%2Fpdf&alt=media
30-06-2023 14:02:22 DEBUG: URL being requested: GET https://www.googleapis.com/drive/v3/files/15sx6cM5nC6U42OERVG37XWQJcOxXBake2nADc5jVlbA/export?mimeType=application%2Fpdf&alt=media
30-06-2023 14:02:22 DEBUG: URL being requested: GET https://www.googleapis.com/drive/v3/files/1v0VMV0w0Q8aNpVwM0hMjCCcLoxceDnLJsgDAU4Tud0A/export?mimeType=application%2Fpdf&alt=media
30-06-2023 14:02:22 DEBUG: URL being requested: GET https://www.googleapis.com/drive/v3/files/1YrHoVl1Y4gYVACQs2uNqD0ZD_Hj4-ersB8DGdyJ0-eE/export?mimeType=application%2Fpdf&alt=media
30-06-2023 14:02:22 DEBUG: URL being requested: GET https://www.googleapis.com/drive/v3/files/1uEtOX7zxi3BrSXAbjwf1s5kSfCLHaWZEA5PL7S9qoPY/export?mimeType=application%2Fpdf&alt=media
30-06-2023 14:02:22 DEBUG: URL being requested: GET https://www.googleapis.com/drive/v3/files/1O7vrojrWum7muhzlQgYvq18Zt1m6cNLslI0tw26qSDE/export?mimeType=application%2Fpdf&alt=media
30-06-2023 14:02:22 DEBUG: URL being requested: GET https://www.googleapis.com/drive/v3/files/1ablEzLyrBc9A2tNgpaAhi2lzzFJci3cD4QKZ_nIqnrY/export?mimeType=application%2Fpdf&alt=media
30-06-2023 14:02:22 DEBUG: URL being requested: GET https://www.googleapis.com/drive/v3/files/1_Wn2raOnFwlo5Ut51yaDaUtsya-ezYYatFX3gTKul5k/export?mimeType=application%2Fpdf&alt=media
30-06-2023 14:02:22 DEBUG: URL being requested: GET https://www.googleapis.com/drive/v3/files/1yIKHYNwSZ1h_VEeSGmKjPwDcWEI_P2nKk0TVoJzidTo/export?mimeType=application%2Fpdf&alt=media
30-06-2023 14:02:22 DEBUG: URL being requested: GET https://www.googleapis.com/drive/v3/files/1irZVvNQLlidQ7dTkdPkQSiaideiDscCzN08L-q1s0HQ/export?mimeType=application%2Fpdf&alt=media
30-06-2023 14:02:22 DEBUG: URL being requested: GET https://www.googleapis.com/drive/v3/files/1oJ_lIs6MkEYrCEdlJi1SCSehetzBWdGB6YYBsaq-84o/export?mimeType=application%2Fpdf&alt=media
30-06-2023 14:02:22 DEBUG: URL being requested: GET https://www.googleapis.com/drive/v3/files/1QlJeyQatmFNpRd2jyQZdyO0Vv4jfJI_o66GzPEteNsY/export?mimeType=application%2Fpdf&alt=media
30-06-2023 14:02:22 DEBUG: URL being requested: GET https://www.googleapis.com/drive/v3/files/1Jgiz66UarqnpGL4YrBKgvbcr5OuLtkia8q9GMV-CRag/export?mimeType=application%2Fpdf&alt=media
30-06-2023 14:02:22 DEBUG: URL being requested: GET https://www.googleapis.com/drive/v3/files/15deSGJ05lKSsuaeymGZcwHYLEZxvni9ZPLZCCKQTkX8/export?mimeType=application%2Fpdf&alt=media
30-06-2023 14:02:22 DEBUG: URL being requested: GET https://www.googleapis.com/drive/v3/files/1epvhUI0QllLBhexMCc5aNZBTu88uM03D_vWEWYpbHlQ/export?mimeType=application%2Fpdf&alt=media
30-06-2023 14:02:22 DEBUG: URL being requested: GET https://www.googleapis.com/drive/v3/files/1avqnvjfpkPr6d4Wi50jyZFbOC9kBFJReCXDxsqyp96o/export?mimeType=application%2Fpdf&alt=media
30-06-2023 14:02:22 DEBUG: URL being requested: GET https://www.googleapis.com/drive/v3/files?q=%271fR7bDwkDljhgxtuXqaGWmCn_O2anIKmg%27+in+parents+and+mimeType%3D%27application%2Fvnd.google-apps.spreadsheet%27&fields=nextPageToken%2C+files%28id%2C+name%29&alt=json
30-06-2023 14:02:23 DEBUG: URL being requested: GET https://www.googleapis.com/drive/v3/files/1vcvWdTIho_s3MzFG0orZmtyOdQdyA56lqodwBPXGcNc/export?mimeType=application%2Fpdf&alt=media
30-06-2023 14:02:23 DEBUG: URL being requested: GET https://www.googleapis.com/drive/v3/files/160n67IGeLTDJW2Qq_h_z2sL7a7WBY0gICWIUQfl04PE/export?mimeType=application%2Fpdf&alt=media
30-06-2023 14:02:23 DEBUG: URL being requested: GET https://www.googleapis.com/drive/v3/files/1kFcsVD4FAY0bV8jHEAnrPfOEG7t1pYxY8X5LVk12TeU/export?mimeType=application%2Fpdf&alt=media
30-06-2023 14:02:23 DEBUG: URL being requested: GET https://www.googleapis.com/drive/v3/files/1VEQvTWBNZxOubac0f76UQ4qov0yeGM1C6XHw0bgl7pc/export?mimeType=application%2Fpdf&alt=media
30-06-2023 14:02:23 DEBUG: URL being requested: GET https://www.googleapis.com/drive/v3/files/1QPHZI2QbrJ-liKfW0y2CFuGKDkWp3YNcI5c6Dnccg6U/export?mimeType=application%2Fpdf&alt=media
30-06-2023 14:02:23 DEBUG: URL being requested: GET https://www.googleapis.com/drive/v3/files/10CA6MQSIOvZGTijevWkpCzENSsYZlPa5EY-m83fHCPk/export?mimeType=application%2Fpdf&alt=media
30-06-2023 14:02:23 DEBUG: URL being requested: GET https://www.googleapis.com/drive/v3/files/1t8NjhPpkyjtbLzjYV8NZtLvZpzvHvE4CE8P16JO0lXU/export?mimeType=application%2Fpdf&alt=media
30-06-2023 14:02:23 DEBUG: URL being requested: GET https://www.googleapis.com/drive/v3/files/1W8Qpm5jEl8hivhS7WUOzpU21zvYAW8E6NZ1BNH-KnK0/export?mimeType=application%2Fpdf&alt=media
30-06-2023 14:02:23 DEBUG: URL being requested: GET https://www.googleapis.com/drive/v3/files/14lOY9VkVFMYs0FLPxwoYcubGSBmubZVkXV7YOej-E6E/export?mimeType=application%2Fpdf&alt=media
30-06-2023 14:02:23 DEBUG: URL being requested: GET https://www.googleapis.com/drive/v3/files/1Y7oieQFye7LgvB_oAMBSr48CFH_8IOtorGlTg01AuqQ/export?mimeType=application%2Fpdf&alt=media
30-06-2023 14:02:23 DEBUG: URL being requested: GET https://www.googleapis.com/drive/v3/files/1I1ZdnnAeP8pMmAsSkGk1Nti0gTZMeMwRH1rPFLELn68/export?mimeType=application%2Fpdf&alt=media
30-06-2023 14:02:23 DEBUG: URL being requested: GET https://www.googleapis.com/drive/v3/files/1aa010vJ0rPMxRuhZhC7wB9gj62M4szPKEy-xZw0Wlp8/export?mimeType=application%2Fpdf&alt=media
30-06-2023 14:02:23 DEBUG: URL being requested: GET https://www.googleapis.com/drive/v3/files/1uXRT6QneafQSpmxmpCzJ3GWHHHC-UPi0j6iBO2ER6gc/export?mimeType=application%2Fpdf&alt=media
30-06-2023 14:02:23 DEBUG: URL being requested: GET https://www.googleapis.com/drive/v3/files/15-3SKTQxlaP6XpitWfgO8HLIQOkbXatqS3Gw5YFbYaQ/export?mimeType=application%2Fpdf&alt=media
30-06-2023 14:02:23 DEBUG: URL being requested: GET https://www.googleapis.com/drive/v3/files/10YM4h9yLanKGquunC663tpVjHp5HTpQAUxZoVj7CDzI/export?mimeType=application%2Fpdf&alt=media
30-06-2023 14:02:23 DEBUG: URL being requested: GET https://www.googleapis.com/drive/v3/files/1QREwXlbRCKfTMHASWwJMl-cA4Q7l8t1QgvLZqxFQCJ4/export?mimeType=application%2Fpdf&alt=media
30-06-2023 14:02:23 DEBUG: URL being requested: GET https://www.googleapis.com/drive/v3/files/1Iwz6olRvYRjlvBqf-lg7zYbTR1ZiCsJsKDGTmJyZXq4/export?mimeType=application%2Fpdf&alt=media
30-06-2023 14:02:23 DEBUG: URL being requested: GET https://www.googleapis.com/drive/v3/files/1ItxXK5nSBT_QMo16Gu3Tt2k-5-tTEwITw6XN0w9tffw/export?mimeType=application%2Fpdf&alt=media
30-06-2023 14:02:23 DEBUG: URL being requested: GET https://www.googleapis.com/drive/v3/files/1Twv3VKvB4Z7mlZq20rYgsjSLTfYryICvuLHQL_ZhZjo/export?mimeType=application%2Fpdf&alt=media
30-06-2023 14:02:23 DEBUG: URL being requested: GET https://www.googleapis.com/drive/v3/files/1tCXGNW1XUsQSisi0GN2ExOgaIiIm3E4wu3bLoYs2Mu0/export?mimeType=application%2Fpdf&alt=media
30-06-2023 14:02:23 DEBUG: URL being requested: GET https://www.googleapis.com/drive/v3/files/1XFilaAsoRs-vwb6qNITbYIUa19T_bEJAxC-Xw43yKuk/export?mimeType=application%2Fpdf&alt=media
30-06-2023 14:02:23 DEBUG: URL being requested: GET https://www.googleapis.com/drive/v3/files/1sLUr_6ghLJ1Xt-wmZFli50CwMSN_C7ffpCwCjbUMmKQ/export?mimeType=application%2Fpdf&alt=media
30-06-2023 15:02:43 DEBUG: Making request: POST https://oauth2.googleapis.com/token
30-06-2023 15:02:43 DEBUG: Starting new HTTPS connection (1): oauth2.googleapis.com:443
30-06-2023 15:02:43 DEBUG: https://oauth2.googleapis.com:443 "POST /token HTTP/1.1" 200 None
30-06-2023 15:02:43 INFO: file_cache is only supported with oauth2client<4.0.0
30-06-2023 15:02:43 DEBUG: URL being requested: GET https://www.googleapis.com/drive/v3/files?q=%271ghyZVrFMlnNcxfOkGOd2HDvZ1_2b0La_%27+in+parents+and+mimeType%3D%27application%2Fvnd.google-apps.spreadsheet%27&fields=nextPageToken%2C+files%28id%2C+name%29&alt=json
30-06-2023 15:02:43 DEBUG: URL being requested: GET https://www.googleapis.com/drive/v3/files/1BogeZCbc6uVRzdYFDMCfltVlPiPHh850uaITUaeX2e4/export?mimeType=application%2Fpdf&alt=media
30-06-2023 15:02:43 DEBUG: URL being requested: GET https://www.googleapis.com/drive/v3/files/1ftU5tWVOjakuJckFMFb6B-40S7jlYQQafV0CnfAyY70/export?mimeType=application%2Fpdf&alt=media
30-06-2023 15:02:43 DEBUG: URL being requested: GET https://www.googleapis.com/drive/v3/files/1VDu7b5N5LgBvfRb9NvhpRElDkCYkZvBk2JxRqhFDyPE/export?mimeType=application%2Fpdf&alt=media
30-06-2023 15:02:43 DEBUG: URL being requested: GET https://www.googleapis.com/drive/v3/files/1QD-eGkEaNxviYE8kuv0GPlW5ocmKKLPzWu9Ko_W6Wxk/export?mimeType=application%2Fpdf&alt=media
30-06-2023 15:02:43 DEBUG: URL being requested: GET https://www.googleapis.com/drive/v3/files/16YEM6I5obTI_7ohnHBYDU8D5XvzrJHTKqWng6A7rHLU/export?mimeType=application%2Fpdf&alt=media
30-06-2023 15:02:43 DEBUG: URL being requested: GET https://www.googleapis.com/drive/v3/files/1xDUl03dESQ7qvdZw8cZP3G_JPuGgV4XsP7zLMSpA-7A/export?mimeType=application%2Fpdf&alt=media
30-06-2023 15:02:43 DEBUG: URL being requested: GET https://www.googleapis.com/drive/v3/files/1zoLATrFgVlr505emNZzUAF4jUcaXtLkV9vnY6uqEvww/export?mimeType=application%2Fpdf&alt=media
30-06-2023 15:02:43 DEBUG: URL being requested: GET https://www.googleapis.com/drive/v3/files/15sx6cM5nC6U42OERVG37XWQJcOxXBake2nADc5jVlbA/export?mimeType=application%2Fpdf&alt=media
30-06-2023 15:02:43 DEBUG: URL being requested: GET https://www.googleapis.com/drive/v3/files/1v0VMV0w0Q8aNpVwM0hMjCCcLoxceDnLJsgDAU4Tud0A/export?mimeType=application%2Fpdf&alt=media
30-06-2023 15:02:43 DEBUG: URL being requested: GET https://www.googleapis.com/drive/v3/files/1YrHoVl1Y4gYVACQs2uNqD0ZD_Hj4-ersB8DGdyJ0-eE/export?mimeType=application%2Fpdf&alt=media
30-06-2023 15:02:43 DEBUG: URL being requested: GET https://www.googleapis.com/drive/v3/files/1uEtOX7zxi3BrSXAbjwf1s5kSfCLHaWZEA5PL7S9qoPY/export?mimeType=application%2Fpdf&alt=media
30-06-2023 15:02:43 DEBUG: URL being requested: GET https://www.googleapis.com/drive/v3/files/1O7vrojrWum7muhzlQgYvq18Zt1m6cNLslI0tw26qSDE/export?mimeType=application%2Fpdf&alt=media
30-06-2023 15:02:43 DEBUG: URL being requested: GET https://www.googleapis.com/drive/v3/files/1ablEzLyrBc9A2tNgpaAhi2lzzFJci3cD4QKZ_nIqnrY/export?mimeType=application%2Fpdf&alt=media
30-06-2023 15:02:43 DEBUG: URL being requested: GET https://www.googleapis.com/drive/v3/files/1_Wn2raOnFwlo5Ut51yaDaUtsya-ezYYatFX3gTKul5k/export?mimeType=application%2Fpdf&alt=media
30-06-2023 15:02:43 DEBUG: URL being requested: GET https://www.googleapis.com/drive/v3/files/1yIKHYNwSZ1h_VEeSGmKjPwDcWEI_P2nKk0TVoJzidTo/export?mimeType=application%2Fpdf&alt=media
30-06-2023 15:02:43 DEBUG: URL being requested: GET https://www.googleapis.com/drive/v3/files/1irZVvNQLlidQ7dTkdPkQSiaideiDscCzN08L-q1s0HQ/export?mimeType=application%2Fpdf&alt=media
30-06-2023 15:02:43 DEBUG: URL being requested: GET https://www.googleapis.com/drive/v3/files/1oJ_lIs6MkEYrCEdlJi1SCSehetzBWdGB6YYBsaq-84o/export?mimeType=application%2Fpdf&alt=media
30-06-2023 15:02:43 DEBUG: URL being requested: GET https://www.googleapis.com/drive/v3/files/1QlJeyQatmFNpRd2jyQZdyO0Vv4jfJI_o66GzPEteNsY/export?mimeType=application%2Fpdf&alt=media
30-06-2023 15:02:43 DEBUG: URL being requested: GET https://www.googleapis.com/drive/v3/files/1Jgiz66UarqnpGL4YrBKgvbcr5OuLtkia8q9GMV-CRag/export?mimeType=application%2Fpdf&alt=media
30-06-2023 15:02:43 DEBUG: URL being requested: GET https://www.googleapis.com/drive/v3/files/15deSGJ05lKSsuaeymGZcwHYLEZxvni9ZPLZCCKQTkX8/export?mimeType=application%2Fpdf&alt=media
30-06-2023 15:02:44 DEBUG: URL being requested: GET https://www.googleapis.com/drive/v3/files/1epvhUI0QllLBhexMCc5aNZBTu88uM03D_vWEWYpbHlQ/export?mimeType=application%2Fpdf&alt=media
30-06-2023 15:02:44 DEBUG: URL being requested: GET https://www.googleapis.com/drive/v3/files/1avqnvjfpkPr6d4Wi50jyZFbOC9kBFJReCXDxsqyp96o/export?mimeType=application%2Fpdf&alt=media
30-06-2023 15:02:44 DEBUG: URL being requested: GET https://www.googleapis.com/drive/v3/files?q=%271fR7bDwkDljhgxtuXqaGWmCn_O2anIKmg%27+in+parents+and+mimeType%3D%27application%2Fvnd.google-apps.spreadsheet%27&fields=nextPageToken%2C+files%28id%2C+name%29&alt=json
30-06-2023 15:02:44 DEBUG: URL being requested: GET https://www.googleapis.com/drive/v3/files/1vcvWdTIho_s3MzFG0orZmtyOdQdyA56lqodwBPXGcNc/export?mimeType=application%2Fpdf&alt=media
30-06-2023 15:02:44 DEBUG: URL being requested: GET https://www.googleapis.com/drive/v3/files/160n67IGeLTDJW2Qq_h_z2sL7a7WBY0gICWIUQfl04PE/export?mimeType=application%2Fpdf&alt=media
30-06-2023 15:02:44 DEBUG: URL being requested: GET https://www.googleapis.com/drive/v3/files/1kFcsVD4FAY0bV8jHEAnrPfOEG7t1pYxY8X5LVk12TeU/export?mimeType=application%2Fpdf&alt=media
30-06-2023 15:02:44 DEBUG: URL being requested: GET https://www.googleapis.com/drive/v3/files/1VEQvTWBNZxOubac0f76UQ4qov0yeGM1C6XHw0bgl7pc/export?mimeType=application%2Fpdf&alt=media
30-06-2023 15:02:44 DEBUG: URL being requested: GET https://www.googleapis.com/drive/v3/files/1QPHZI2QbrJ-liKfW0y2CFuGKDkWp3YNcI5c6Dnccg6U/export?mimeType=application%2Fpdf&alt=media
30-06-2023 15:02:44 DEBUG: URL being requested: GET https://www.googleapis.com/drive/v3/files/10CA6MQSIOvZGTijevWkpCzENSsYZlPa5EY-m83fHCPk/export?mimeType=application%2Fpdf&alt=media
30-06-2023 15:02:44 DEBUG: URL being requested: GET https://www.googleapis.com/drive/v3/files/1t8NjhPpkyjtbLzjYV8NZtLvZpzvHvE4CE8P16JO0lXU/export?mimeType=application%2Fpdf&alt=media
30-06-2023 15:02:44 DEBUG: URL being requested: GET https://www.googleapis.com/drive/v3/files/1W8Qpm5jEl8hivhS7WUOzpU21zvYAW8E6NZ1BNH-KnK0/export?mimeType=application%2Fpdf&alt=media
30-06-2023 15:02:44 DEBUG: URL being requested: GET https://www.googleapis.com/drive/v3/files/14lOY9VkVFMYs0FLPxwoYcubGSBmubZVkXV7YOej-E6E/export?mimeType=application%2Fpdf&alt=media
30-06-2023 15:02:44 DEBUG: URL being requested: GET https://www.googleapis.com/drive/v3/files/1Y7oieQFye7LgvB_oAMBSr48CFH_8IOtorGlTg01AuqQ/export?mimeType=application%2Fpdf&alt=media
30-06-2023 15:02:44 DEBUG: URL being requested: GET https://www.googleapis.com/drive/v3/files/1I1ZdnnAeP8pMmAsSkGk1Nti0gTZMeMwRH1rPFLELn68/export?mimeType=application%2Fpdf&alt=media
30-06-2023 15:02:44 DEBUG: URL being requested: GET https://www.googleapis.com/drive/v3/files/1aa010vJ0rPMxRuhZhC7wB9gj62M4szPKEy-xZw0Wlp8/export?mimeType=application%2Fpdf&alt=media
30-06-2023 15:02:44 DEBUG: URL being requested: GET https://www.googleapis.com/drive/v3/files/1uXRT6QneafQSpmxmpCzJ3GWHHHC-UPi0j6iBO2ER6gc/export?mimeType=application%2Fpdf&alt=media
30-06-2023 15:02:44 DEBUG: URL being requested: GET https://www.googleapis.com/drive/v3/files/15-3SKTQxlaP6XpitWfgO8HLIQOkbXatqS3Gw5YFbYaQ/export?mimeType=application%2Fpdf&alt=media
30-06-2023 15:02:44 DEBUG: URL being requested: GET https://www.googleapis.com/drive/v3/files/10YM4h9yLanKGquunC663tpVjHp5HTpQAUxZoVj7CDzI/export?mimeType=application%2Fpdf&alt=media
30-06-2023 15:02:44 DEBUG: URL being requested: GET https://www.googleapis.com/drive/v3/files/1QREwXlbRCKfTMHASWwJMl-cA4Q7l8t1QgvLZqxFQCJ4/export?mimeType=application%2Fpdf&alt=media
30-06-2023 15:02:44 DEBUG: URL being requested: GET https://www.googleapis.com/drive/v3/files/1Iwz6olRvYRjlvBqf-lg7zYbTR1ZiCsJsKDGTmJyZXq4/export?mimeType=application%2Fpdf&alt=media
30-06-2023 15:02:44 DEBUG: URL being requested: GET https://www.googleapis.com/drive/v3/files/1ItxXK5nSBT_QMo16Gu3Tt2k-5-tTEwITw6XN0w9tffw/export?mimeType=application%2Fpdf&alt=media
30-06-2023 15:02:44 DEBUG: URL being requested: GET https://www.googleapis.com/drive/v3/files/1Twv3VKvB4Z7mlZq20rYgsjSLTfYryICvuLHQL_ZhZjo/export?mimeType=application%2Fpdf&alt=media
30-06-2023 15:02:44 DEBUG: URL being requested: GET https://www.googleapis.com/drive/v3/files/1tCXGNW1XUsQSisi0GN2ExOgaIiIm3E4wu3bLoYs2Mu0/export?mimeType=application%2Fpdf&alt=media
30-06-2023 15:02:44 DEBUG: URL being requested: GET https://www.googleapis.com/drive/v3/files/1XFilaAsoRs-vwb6qNITbYIUa19T_bEJAxC-Xw43yKuk/export?mimeType=application%2Fpdf&alt=media
30-06-2023 15:02:44 DEBUG: URL being requested: GET https://www.googleapis.com/drive/v3/files/1sLUr_6ghLJ1Xt-wmZFli50CwMSN_C7ffpCwCjbUMmKQ/export?mimeType=application%2Fpdf&alt=media
30-06-2023 16:02:52 DEBUG: Making request: POST https://oauth2.googleapis.com/token
30-06-2023 16:02:52 DEBUG: Starting new HTTPS connection (1): oauth2.googleapis.com:443
30-06-2023 16:02:53 DEBUG: https://oauth2.googleapis.com:443 "POST /token HTTP/1.1" 200 None
30-06-2023 16:02:53 INFO: file_cache is only supported with oauth2client<4.0.0
30-06-2023 16:02:53 DEBUG: URL being requested: GET https://www.googleapis.com/drive/v3/files?q=%271ghyZVrFMlnNcxfOkGOd2HDvZ1_2b0La_%27+in+parents+and+mimeType%3D%27application%2Fvnd.google-apps.spreadsheet%27&fields=nextPageToken%2C+files%28id%2C+name%29&alt=json
30-06-2023 16:02:53 DEBUG: URL being requested: GET https://www.googleapis.com/drive/v3/files/1BogeZCbc6uVRzdYFDMCfltVlPiPHh850uaITUaeX2e4/export?mimeType=application%2Fpdf&alt=media
30-06-2023 16:02:53 DEBUG: URL being requested: GET https://www.googleapis.com/drive/v3/files/1ftU5tWVOjakuJckFMFb6B-40S7jlYQQafV0CnfAyY70/export?mimeType=application%2Fpdf&alt=media
30-06-2023 16:02:53 DEBUG: URL being requested: GET https://www.googleapis.com/drive/v3/files/1VDu7b5N5LgBvfRb9NvhpRElDkCYkZvBk2JxRqhFDyPE/export?mimeType=application%2Fpdf&alt=media
30-06-2023 16:02:53 DEBUG: URL being requested: GET https://www.googleapis.com/drive/v3/files/1QD-eGkEaNxviYE8kuv0GPlW5ocmKKLPzWu9Ko_W6Wxk/export?mimeType=application%2Fpdf&alt=media
30-06-2023 16:02:53 DEBUG: URL being requested: GET https://www.googleapis.com/drive/v3/files/16YEM6I5obTI_7ohnHBYDU8D5XvzrJHTKqWng6A7rHLU/export?mimeType=application%2Fpdf&alt=media
30-06-2023 16:02:53 DEBUG: URL being requested: GET https://www.googleapis.com/drive/v3/files/1xDUl03dESQ7qvdZw8cZP3G_JPuGgV4XsP7zLMSpA-7A/export?mimeType=application%2Fpdf&alt=media
30-06-2023 16:02:53 DEBUG: URL being requested: GET https://www.googleapis.com/drive/v3/files/1zoLATrFgVlr505emNZzUAF4jUcaXtLkV9vnY6uqEvww/export?mimeType=application%2Fpdf&alt=media
30-06-2023 16:02:53 DEBUG: URL being requested: GET https://www.googleapis.com/drive/v3/files/15sx6cM5nC6U42OERVG37XWQJcOxXBake2nADc5jVlbA/export?mimeType=application%2Fpdf&alt=media
30-06-2023 16:02:53 DEBUG: URL being requested: GET https://www.googleapis.com/drive/v3/files/1v0VMV0w0Q8aNpVwM0hMjCCcLoxceDnLJsgDAU4Tud0A/export?mimeType=application%2Fpdf&alt=media
30-06-2023 16:02:53 DEBUG: URL being requested: GET https://www.googleapis.com/drive/v3/files/1YrHoVl1Y4gYVACQs2uNqD0ZD_Hj4-ersB8DGdyJ0-eE/export?mimeType=application%2Fpdf&alt=media
30-06-2023 16:02:53 DEBUG: URL being requested: GET https://www.googleapis.com/drive/v3/files/1uEtOX7zxi3BrSXAbjwf1s5kSfCLHaWZEA5PL7S9qoPY/export?mimeType=application%2Fpdf&alt=media
30-06-2023 16:02:53 DEBUG: URL being requested: GET https://www.googleapis.com/drive/v3/files/1O7vrojrWum7muhzlQgYvq18Zt1m6cNLslI0tw26qSDE/export?mimeType=application%2Fpdf&alt=media
30-06-2023 16:02:53 DEBUG: URL being requested: GET https://www.googleapis.com/drive/v3/files/1ablEzLyrBc9A2tNgpaAhi2lzzFJci3cD4QKZ_nIqnrY/export?mimeType=application%2Fpdf&alt=media
30-06-2023 16:02:53 DEBUG: URL being requested: GET https://www.googleapis.com/drive/v3/files/1_Wn2raOnFwlo5Ut51yaDaUtsya-ezYYatFX3gTKul5k/export?mimeType=application%2Fpdf&alt=media
30-06-2023 16:02:53 DEBUG: URL being requested: GET https://www.googleapis.com/drive/v3/files/1yIKHYNwSZ1h_VEeSGmKjPwDcWEI_P2nKk0TVoJzidTo/export?mimeType=application%2Fpdf&alt=media
30-06-2023 16:02:53 DEBUG: URL being requested: GET https://www.googleapis.com/drive/v3/files/1irZVvNQLlidQ7dTkdPkQSiaideiDscCzN08L-q1s0HQ/export?mimeType=application%2Fpdf&alt=media
30-06-2023 16:02:53 DEBUG: URL being requested: GET https://www.googleapis.com/drive/v3/files/1oJ_lIs6MkEYrCEdlJi1SCSehetzBWdGB6YYBsaq-84o/export?mimeType=application%2Fpdf&alt=media
30-06-2023 16:02:53 DEBUG: URL being requested: GET https://www.googleapis.com/drive/v3/files/1QlJeyQatmFNpRd2jyQZdyO0Vv4jfJI_o66GzPEteNsY/export?mimeType=application%2Fpdf&alt=media
30-06-2023 16:02:53 DEBUG: URL being requested: GET https://www.googleapis.com/drive/v3/files/1Jgiz66UarqnpGL4YrBKgvbcr5OuLtkia8q9GMV-CRag/export?mimeType=application%2Fpdf&alt=media
30-06-2023 16:02:53 DEBUG: URL being requested: GET https://www.googleapis.com/drive/v3/files/15deSGJ05lKSsuaeymGZcwHYLEZxvni9ZPLZCCKQTkX8/export?mimeType=application%2Fpdf&alt=media
30-06-2023 16:02:53 DEBUG: URL being requested: GET https://www.googleapis.com/drive/v3/files/1epvhUI0QllLBhexMCc5aNZBTu88uM03D_vWEWYpbHlQ/export?mimeType=application%2Fpdf&alt=media
30-06-2023 16:02:53 DEBUG: URL being requested: GET https://www.googleapis.com/drive/v3/files/1avqnvjfpkPr6d4Wi50jyZFbOC9kBFJReCXDxsqyp96o/export?mimeType=application%2Fpdf&alt=media
30-06-2023 16:02:53 DEBUG: URL being requested: GET https://www.googleapis.com/drive/v3/files?q=%271fR7bDwkDljhgxtuXqaGWmCn_O2anIKmg%27+in+parents+and+mimeType%3D%27application%2Fvnd.google-apps.spreadsheet%27&fields=nextPageToken%2C+files%28id%2C+name%29&alt=json
30-06-2023 16:02:54 DEBUG: URL being requested: GET https://www.googleapis.com/drive/v3/files/1vcvWdTIho_s3MzFG0orZmtyOdQdyA56lqodwBPXGcNc/export?mimeType=application%2Fpdf&alt=media
30-06-2023 16:02:54 DEBUG: URL being requested: GET https://www.googleapis.com/drive/v3/files/160n67IGeLTDJW2Qq_h_z2sL7a7WBY0gICWIUQfl04PE/export?mimeType=application%2Fpdf&alt=media
30-06-2023 16:02:54 DEBUG: URL being requested: GET https://www.googleapis.com/drive/v3/files/1kFcsVD4FAY0bV8jHEAnrPfOEG7t1pYxY8X5LVk12TeU/export?mimeType=application%2Fpdf&alt=media
30-06-2023 16:02:54 DEBUG: URL being requested: GET https://www.googleapis.com/drive/v3/files/1VEQvTWBNZxOubac0f76UQ4qov0yeGM1C6XHw0bgl7pc/export?mimeType=application%2Fpdf&alt=media
30-06-2023 16:02:54 DEBUG: URL being requested: GET https://www.googleapis.com/drive/v3/files/1QPHZI2QbrJ-liKfW0y2CFuGKDkWp3YNcI5c6Dnccg6U/export?mimeType=application%2Fpdf&alt=media
30-06-2023 16:02:54 DEBUG: URL being requested: GET https://www.googleapis.com/drive/v3/files/10CA6MQSIOvZGTijevWkpCzENSsYZlPa5EY-m83fHCPk/export?mimeType=application%2Fpdf&alt=media
30-06-2023 16:02:54 DEBUG: URL being requested: GET https://www.googleapis.com/drive/v3/files/1t8NjhPpkyjtbLzjYV8NZtLvZpzvHvE4CE8P16JO0lXU/export?mimeType=application%2Fpdf&alt=media
30-06-2023 16:02:54 DEBUG: URL being requested: GET https://www.googleapis.com/drive/v3/files/1W8Qpm5jEl8hivhS7WUOzpU21zvYAW8E6NZ1BNH-KnK0/export?mimeType=application%2Fpdf&alt=media
30-06-2023 16:02:54 DEBUG: URL being requested: GET https://www.googleapis.com/drive/v3/files/14lOY9VkVFMYs0FLPxwoYcubGSBmubZVkXV7YOej-E6E/export?mimeType=application%2Fpdf&alt=media
30-06-2023 16:02:54 DEBUG: URL being requested: GET https://www.googleapis.com/drive/v3/files/1Y7oieQFye7LgvB_oAMBSr48CFH_8IOtorGlTg01AuqQ/export?mimeType=application%2Fpdf&alt=media
30-06-2023 16:02:54 DEBUG: URL being requested: GET https://www.googleapis.com/drive/v3/files/1I1ZdnnAeP8pMmAsSkGk1Nti0gTZMeMwRH1rPFLELn68/export?mimeType=application%2Fpdf&alt=media
30-06-2023 16:02:54 DEBUG: URL being requested: GET https://www.googleapis.com/drive/v3/files/1aa010vJ0rPMxRuhZhC7wB9gj62M4szPKEy-xZw0Wlp8/export?mimeType=application%2Fpdf&alt=media
30-06-2023 16:02:54 DEBUG: URL being requested: GET https://www.googleapis.com/drive/v3/files/1uXRT6QneafQSpmxmpCzJ3GWHHHC-UPi0j6iBO2ER6gc/export?mimeType=application%2Fpdf&alt=media
30-06-2023 16:02:54 DEBUG: URL being requested: GET https://www.googleapis.com/drive/v3/files/15-3SKTQxlaP6XpitWfgO8HLIQOkbXatqS3Gw5YFbYaQ/export?mimeType=application%2Fpdf&alt=media
30-06-2023 16:02:54 DEBUG: URL being requested: GET https://www.googleapis.com/drive/v3/files/10YM4h9yLanKGquunC663tpVjHp5HTpQAUxZoVj7CDzI/export?mimeType=application%2Fpdf&alt=media
30-06-2023 16:02:54 DEBUG: URL being requested: GET https://www.googleapis.com/drive/v3/files/1QREwXlbRCKfTMHASWwJMl-cA4Q7l8t1QgvLZqxFQCJ4/export?mimeType=application%2Fpdf&alt=media
30-06-2023 16:02:54 DEBUG: URL being requested: GET https://www.googleapis.com/drive/v3/files/1Iwz6olRvYRjlvBqf-lg7zYbTR1ZiCsJsKDGTmJyZXq4/export?mimeType=application%2Fpdf&alt=media
30-06-2023 16:02:54 DEBUG: URL being requested: GET https://www.googleapis.com/drive/v3/files/1ItxXK5nSBT_QMo16Gu3Tt2k-5-tTEwITw6XN0w9tffw/export?mimeType=application%2Fpdf&alt=media
30-06-2023 16:02:54 DEBUG: URL being requested: GET https://www.googleapis.com/drive/v3/files/1Twv3VKvB4Z7mlZq20rYgsjSLTfYryICvuLHQL_ZhZjo/export?mimeType=application%2Fpdf&alt=media
30-06-2023 16:02:54 DEBUG: URL being requested: GET https://www.googleapis.com/drive/v3/files/1tCXGNW1XUsQSisi0GN2ExOgaIiIm3E4wu3bLoYs2Mu0/export?mimeType=application%2Fpdf&alt=media
30-06-2023 16:02:54 DEBUG: URL being requested: GET https://www.googleapis.com/drive/v3/files/1XFilaAsoRs-vwb6qNITbYIUa19T_bEJAxC-Xw43yKuk/export?mimeType=application%2Fpdf&alt=media
30-06-2023 16:02:54 DEBUG: URL being requested: GET https://www.googleapis.com/drive/v3/files/1sLUr_6ghLJ1Xt-wmZFli50CwMSN_C7ffpCwCjbUMmKQ/export?mimeType=application%2Fpdf&alt=media
